[ 2016-11-05T14:02:51+08:00 ] ::1 /huawei/index.php/Admin/product/productControl.html
ERR: 无法加载控制器:Product

[ 2016-11-05T14:13:34+08:00 ] ::1 /huawei/Admin/View/Product/productControl.html
ERR: 无法加载控制器:View

[ 2016-11-05T14:19:29+08:00 ] ::1 /huawei/index.php/Admin/Product/index.html
ERR: 非法操作:index

[ 2016-11-05T14:19:42+08:00 ] ::1 /huawei/index.php/Admin/Product/index.html
ERR: 非法操作:index

[ 2016-11-05T14:19:42+08:00 ] ::1 /huawei/index.php/Admin/Product/index.html
ERR: 非法操作:index

[ 2016-11-05T14:19:42+08:00 ] ::1 /huawei/index.php/Admin/Product/index.html
ERR: 非法操作:index

[ 2016-11-05T14:19:42+08:00 ] ::1 /huawei/index.php/Admin/Product/index.html
ERR: 非法操作:index

[ 2016-11-05T14:44:36+08:00 ] ::1 /huawei/index.php/Admin/Product/productControl.html
ERR: Think\Model:getProducts方法不存在！

[ 2016-11-05T14:45:07+08:00 ] ::1 /huawei/index.php/Admin/Product/productControl.html
ERR: Think\Model:getProducts方法不存在！

[ 2016-11-05T14:45:08+08:00 ] ::1 /huawei/index.php/Admin/Product/productControl.html
ERR: Think\Model:getProducts方法不存在！

[ 2016-11-05T14:45:08+08:00 ] ::1 /huawei/index.php/Admin/Product/productControl.html
ERR: Think\Model:getProducts方法不存在！

[ 2016-11-05T14:45:08+08:00 ] ::1 /huawei/index.php/Admin/Product/productControl.html
ERR: Think\Model:getProducts方法不存在！

[ 2016-11-05T14:47:13+08:00 ] ::1 /huawei/index.php/Admin/Product/productControl.html
ERR: Think\Model:getProducts方法不存在！

[ 2016-11-05T14:47:14+08:00 ] ::1 /huawei/index.php/Admin/Product/productControl.html
ERR: Think\Model:getProducts方法不存在！

[ 2016-11-05T14:47:14+08:00 ] ::1 /huawei/index.php/Admin/Product/productControl.html
ERR: Think\Model:getProducts方法不存在！

[ 2016-11-05T14:47:14+08:00 ] ::1 /huawei/index.php/Admin/Product/productControl.html
ERR: Think\Model:getProducts方法不存在！

[ 2016-11-05T14:47:14+08:00 ] ::1 /huawei/index.php/Admin/Product/productControl.html
ERR: Think\Model:getProducts方法不存在！

[ 2016-11-05T14:47:14+08:00 ] ::1 /huawei/index.php/Admin/Product/productControl.html
ERR: Think\Model:getProducts方法不存在！

[ 2016-11-05T14:47:15+08:00 ] ::1 /huawei/index.php/Admin/Product/productControl.html
ERR: Think\Model:getProducts方法不存在！

[ 2016-11-05T14:47:15+08:00 ] ::1 /huawei/index.php/Admin/Product/productControl.html
ERR: Think\Model:getProducts方法不存在！

[ 2016-11-05T14:52:37+08:00 ] ::1 /huawei/index.php/Admin/Product/productControl.html
ERR: Think\Model:getProductsCount方法不存在！

[ 2016-11-05T14:52:38+08:00 ] ::1 /huawei/index.php/Admin/Product/productControl.html
ERR: Think\Model:getProductsCount方法不存在！

[ 2016-11-05T14:52:38+08:00 ] ::1 /huawei/index.php/Admin/Product/productControl.html
ERR: Think\Model:getProductsCount方法不存在！

[ 2016-11-05T14:52:38+08:00 ] ::1 /huawei/index.php/Admin/Product/productControl.html
ERR: Think\Model:getProductsCount方法不存在！

[ 2016-11-05T14:52:38+08:00 ] ::1 /huawei/index.php/Admin/Product/productControl.html
ERR: Think\Model:getProductsCount方法不存在！

[ 2016-11-05T14:52:38+08:00 ] ::1 /huawei/index.php/Admin/Product/productControl.html
ERR: Think\Model:getProductsCount方法不存在！

[ 2016-11-05T14:53:56+08:00 ] ::1 /huawei/index.php/Admin/Product/productControl.html
ERR: Think\Model:getProductsCount方法不存在！

[ 2016-11-05T14:53:56+08:00 ] ::1 /huawei/index.php/Admin/Product/productControl.html
ERR: Think\Model:getProductsCount方法不存在！

[ 2016-11-05T14:53:56+08:00 ] ::1 /huawei/index.php/Admin/Product/productControl.html
ERR: Think\Model:getProductsCount方法不存在！

[ 2016-11-05T14:53:56+08:00 ] ::1 /huawei/index.php/Admin/Product/productControl.html
ERR: Think\Model:getProductsCount方法不存在！

[ 2016-11-05T14:53:57+08:00 ] ::1 /huawei/index.php/Admin/Product/productControl.html
ERR: Think\Model:getProductsCount方法不存在！

[ 2016-11-05T14:53:57+08:00 ] ::1 /huawei/index.php/Admin/Product/productControl.html
ERR: Think\Model:getProductsCount方法不存在！

[ 2016-11-05T14:53:57+08:00 ] ::1 /huawei/index.php/Admin/Product/productControl.html
ERR: Think\Model:getProductsCount方法不存在！

[ 2016-11-05T14:53:57+08:00 ] ::1 /huawei/index.php/Admin/Product/productControl.html
ERR: Think\Model:getProductsCount方法不存在！

[ 2016-11-05T14:53:57+08:00 ] ::1 /huawei/index.php/Admin/Product/productControl.html
ERR: Think\Model:getProductsCount方法不存在！

[ 2016-11-05T14:53:58+08:00 ] ::1 /huawei/index.php/Admin/Product/productControl.html
ERR: Think\Model:getProductsCount方法不存在！

[ 2016-11-05T14:53:58+08:00 ] ::1 /huawei/index.php/Admin/Product/productControl.html
ERR: Think\Model:getProductsCount方法不存在！

[ 2016-11-05T14:53:58+08:00 ] ::1 /huawei/index.php/Admin/Product/productControl.html
ERR: Think\Model:getProductsCount方法不存在！

[ 2016-11-05T14:53:58+08:00 ] ::1 /huawei/index.php/Admin/Product/productControl.html
ERR: Think\Model:getProductsCount方法不存在！

[ 2016-11-05T14:53:58+08:00 ] ::1 /huawei/index.php/Admin/Product/productControl.html
ERR: Think\Model:getProductsCount方法不存在！

[ 2016-11-05T14:53:58+08:00 ] ::1 /huawei/index.php/Admin/Product/productControl.html
ERR: Think\Model:getProductsCount方法不存在！

[ 2016-11-05T14:53:59+08:00 ] ::1 /huawei/index.php/Admin/Product/productControl.html
ERR: Think\Model:getProductsCount方法不存在！

[ 2016-11-05T14:54:23+08:00 ] ::1 /huawei/index.php/Admin/Product/productControl.html
ERR: Think\Model:getProductsCount方法不存在！

[ 2016-11-05T14:54:23+08:00 ] ::1 /huawei/index.php/Admin/Product/productControl.html
ERR: Think\Model:getProductsCount方法不存在！

[ 2016-11-05T14:54:24+08:00 ] ::1 /huawei/index.php/Admin/Product/productControl.html
ERR: Think\Model:getProductsCount方法不存在！

[ 2016-11-05T14:54:24+08:00 ] ::1 /huawei/index.php/Admin/Product/productControl.html
ERR: Think\Model:getProductsCount方法不存在！

[ 2016-11-05T14:54:24+08:00 ] ::1 /huawei/index.php/Admin/Product/productControl.html
ERR: Think\Model:getProductsCount方法不存在！

[ 2016-11-05T14:54:24+08:00 ] ::1 /huawei/index.php/Admin/Product/productControl.html
ERR: Think\Model:getProductsCount方法不存在！

[ 2016-11-05T14:54:24+08:00 ] ::1 /huawei/index.php/Admin/Product/productControl.html
ERR: Think\Model:getProductsCount方法不存在！

[ 2016-11-05T14:54:24+08:00 ] ::1 /huawei/index.php/Admin/Product/productControl.html
ERR: Think\Model:getProductsCount方法不存在！

[ 2016-11-05T15:33:42+08:00 ] ::1 /huawei/index.php/Admin/Product/productControl.html
ERR: Think\Model:getProductsCount方法不存在！

[ 2016-11-05T15:34:25+08:00 ] ::1 /huawei/index.php/Admin/Product/productControl.html
ERR: Think\Model:getProductsCount方法不存在！

[ 2016-11-05T15:34:25+08:00 ] ::1 /huawei/index.php/Admin/Product/productControl.html
ERR: Think\Model:getProductsCount方法不存在！

[ 2016-11-05T15:34:26+08:00 ] ::1 /huawei/index.php/Admin/Product/productControl.html
ERR: Think\Model:getProductsCount方法不存在！

[ 2016-11-05T15:34:26+08:00 ] ::1 /huawei/index.php/Admin/Product/productControl.html
ERR: Think\Model:getProductsCount方法不存在！

[ 2016-11-05T15:41:12+08:00 ] ::1 /huawei/index.php/Admin/Product/productControl.html
ERR: Think\Model:getProductsCount方法不存在！

[ 2016-11-05T15:41:12+08:00 ] ::1 /huawei/index.php/Admin/Product/productControl.html
ERR: Think\Model:getProductsCount方法不存在！

[ 2016-11-05T15:41:12+08:00 ] ::1 /huawei/index.php/Admin/Product/productControl.html
ERR: Think\Model:getProductsCount方法不存在！

[ 2016-11-05T15:41:12+08:00 ] ::1 /huawei/index.php/Admin/Product/productControl.html
ERR: Think\Model:getProductsCount方法不存在！

[ 2016-11-05T15:41:12+08:00 ] ::1 /huawei/index.php/Admin/Product/productControl.html
ERR: Think\Model:getProductsCount方法不存在！

[ 2016-11-05T15:41:13+08:00 ] ::1 /huawei/index.php/Admin/Product/productControl.html
ERR: Think\Model:getProductsCount方法不存在！

[ 2016-11-05T15:41:13+08:00 ] ::1 /huawei/index.php/Admin/Product/productControl.html
ERR: Think\Model:getProductsCount方法不存在！

[ 2016-11-05T15:41:26+08:00 ] ::1 /huawei/index.php/Admin/Product/productControl.html
ERR: Think\Model:getProductsCount方法不存在！

[ 2016-11-05T15:41:26+08:00 ] ::1 /huawei/index.php/Admin/Product/productControl.html
ERR: Think\Model:getProductsCount方法不存在！

[ 2016-11-05T15:41:26+08:00 ] ::1 /huawei/index.php/Admin/Product/productControl.html
ERR: Think\Model:getProductsCount方法不存在！

[ 2016-11-05T15:41:26+08:00 ] ::1 /huawei/index.php/Admin/Product/productControl.html
ERR: Think\Model:getProductsCount方法不存在！

[ 2016-11-05T16:31:20+08:00 ] ::1 /huawei/index.php/Admin/Product/productControl.html
ERR: Think\Model:getProductsCount方法不存在！

[ 2016-11-05T16:31:20+08:00 ] ::1 /huawei/index.php/Admin/Product/productControl.html
ERR: Think\Model:getProductsCount方法不存在！

[ 2016-11-05T16:31:20+08:00 ] ::1 /huawei/index.php/Admin/Product/productControl.html
ERR: Think\Model:getProductsCount方法不存在！

[ 2016-11-05T16:31:21+08:00 ] ::1 /huawei/index.php/Admin/Product/productControl.html
ERR: Think\Model:getProductsCount方法不存在！

[ 2016-11-05T16:31:45+08:00 ] ::1 /huawei/index.php/Admin/Product/productControl.html
ERR: Think\Model:getProductsCount方法不存在！

[ 2016-11-05T16:31:45+08:00 ] ::1 /huawei/index.php/Admin/Product/productControl.html
ERR: Think\Model:getProductsCount方法不存在！

[ 2016-11-05T16:31:46+08:00 ] ::1 /huawei/index.php/Admin/Product/productControl.html
ERR: Think\Model:getProductsCount方法不存在！

[ 2016-11-05T16:31:46+08:00 ] ::1 /huawei/index.php/Admin/Product/productControl.html
ERR: Think\Model:getProductsCount方法不存在！

[ 2016-11-05T16:31:52+08:00 ] ::1 /huawei/index.php/Admin/Product/productControl.html
ERR: Think\Model:getProductsCount方法不存在！

[ 2016-11-05T16:33:46+08:00 ] ::1 /huawei/index.php/Admin/Product/productControl.html
ERR: Think\Model:getProductsCount方法不存在！

[ 2016-11-05T16:33:46+08:00 ] ::1 /huawei/index.php/Admin/Product/productControl.html
ERR: Think\Model:getProductsCount方法不存在！

[ 2016-11-05T16:33:46+08:00 ] ::1 /huawei/index.php/Admin/Product/productControl.html
ERR: Think\Model:getProductsCount方法不存在！

[ 2016-11-05T16:33:47+08:00 ] ::1 /huawei/index.php/Admin/Product/productControl.html
ERR: Think\Model:getProductsCount方法不存在！

[ 2016-11-05T16:33:47+08:00 ] ::1 /huawei/index.php/Admin/Product/productControl.html
ERR: Think\Model:getProductsCount方法不存在！

[ 2016-11-05T16:33:47+08:00 ] ::1 /huawei/index.php/Admin/Product/productControl.html
ERR: Think\Model:getProductsCount方法不存在！

[ 2016-11-05T16:33:47+08:00 ] ::1 /huawei/index.php/Admin/Product/productControl.html
ERR: Think\Model:getProductsCount方法不存在！

[ 2016-11-05T16:33:47+08:00 ] ::1 /huawei/index.php/Admin/Product/productControl.html
ERR: Think\Model:getProductsCount方法不存在！

[ 2016-11-05T16:33:47+08:00 ] ::1 /huawei/index.php/Admin/Product/productControl.html
ERR: Think\Model:getProductsCount方法不存在！

[ 2016-11-05T16:34:09+08:00 ] ::1 /huawei/index.php/Admin/Product/productControl.html
ERR: Think\Model:getProducts方法不存在！

[ 2016-11-05T16:34:09+08:00 ] ::1 /huawei/index.php/Admin/Product/productControl.html
ERR: Think\Model:getProducts方法不存在！

[ 2016-11-05T16:34:09+08:00 ] ::1 /huawei/index.php/Admin/Product/productControl.html
ERR: Think\Model:getProducts方法不存在！

[ 2016-11-05T16:34:09+08:00 ] ::1 /huawei/index.php/Admin/Product/productControl.html
ERR: Think\Model:getProducts方法不存在！

[ 2016-11-05T16:34:09+08:00 ] ::1 /huawei/index.php/Admin/Product/productControl.html
ERR: Think\Model:getProducts方法不存在！

[ 2016-11-05T16:34:10+08:00 ] ::1 /huawei/index.php/Admin/Product/productControl.html
ERR: Think\Model:getProducts方法不存在！

[ 2016-11-05T16:34:10+08:00 ] ::1 /huawei/index.php/Admin/Product/productControl.html
ERR: Think\Model:getProducts方法不存在！

[ 2016-11-05T16:34:10+08:00 ] ::1 /huawei/index.php/Admin/Product/productControl.html
ERR: Think\Model:getProducts方法不存在！

[ 2016-11-05T16:34:10+08:00 ] ::1 /huawei/index.php/Admin/Product/productControl.html
ERR: Think\Model:getProducts方法不存在！

[ 2016-11-05T16:34:52+08:00 ] ::1 /huawei/index.php/Admin/Product/productControl.html
ERR: Think\Model:getProducts方法不存在！

[ 2016-11-05T16:34:53+08:00 ] ::1 /huawei/index.php/Admin/Product/productControl.html
ERR: Think\Model:getProducts方法不存在！

[ 2016-11-05T16:34:53+08:00 ] ::1 /huawei/index.php/Admin/Product/productControl.html
ERR: Think\Model:getProducts方法不存在！

[ 2016-11-05T16:34:53+08:00 ] ::1 /huawei/index.php/Admin/Product/productControl.html
ERR: Think\Model:getProducts方法不存在！

[ 2016-11-05T16:35:10+08:00 ] ::1 /huawei/index.php/Admin/Product/productControl.html
ERR: Think\Model:GetProducts方法不存在！

[ 2016-11-05T16:35:10+08:00 ] ::1 /huawei/index.php/Admin/Product/productControl.html
ERR: Think\Model:GetProducts方法不存在！

[ 2016-11-05T16:35:10+08:00 ] ::1 /huawei/index.php/Admin/Product/productControl.html
ERR: Think\Model:GetProducts方法不存在！

[ 2016-11-05T16:35:11+08:00 ] ::1 /huawei/index.php/Admin/Product/productControl.html
ERR: Think\Model:GetProducts方法不存在！

[ 2016-11-05T16:35:11+08:00 ] ::1 /huawei/index.php/Admin/Product/productControl.html
ERR: Think\Model:GetProducts方法不存在！

[ 2016-11-05T16:35:11+08:00 ] ::1 /huawei/index.php/Admin/Product/productControl.html
ERR: Think\Model:GetProducts方法不存在！

[ 2016-11-05T16:35:53+08:00 ] ::1 /huawei/index.php/Admin/Product/productControl.html
ERR: Think\Model:Products方法不存在！

[ 2016-11-05T16:35:53+08:00 ] ::1 /huawei/index.php/Admin/Product/productControl.html
ERR: Think\Model:Products方法不存在！

[ 2016-11-05T16:35:54+08:00 ] ::1 /huawei/index.php/Admin/Product/productControl.html
ERR: Think\Model:Products方法不存在！

[ 2016-11-05T16:35:54+08:00 ] ::1 /huawei/index.php/Admin/Product/productControl.html
ERR: Think\Model:Products方法不存在！

[ 2016-11-05T16:35:54+08:00 ] ::1 /huawei/index.php/Admin/Product/productControl.html
ERR: Think\Model:Products方法不存在！

[ 2016-11-05T16:36:12+08:00 ] ::1 /huawei/index.php/Admin/Product/productControl.html
ERR: Think\Model:getProducts方法不存在！

[ 2016-11-05T16:36:12+08:00 ] ::1 /huawei/index.php/Admin/Product/productControl.html
ERR: Think\Model:getProducts方法不存在！

[ 2016-11-05T16:36:12+08:00 ] ::1 /huawei/index.php/Admin/Product/productControl.html
ERR: Think\Model:getProducts方法不存在！

[ 2016-11-05T16:36:13+08:00 ] ::1 /huawei/index.php/Admin/Product/productControl.html
ERR: Think\Model:getProducts方法不存在！

[ 2016-11-05T16:37:02+08:00 ] ::1 /huawei/index.php/Admin/Product/productControl.html
ERR: Think\Model:getProducts方法不存在！

[ 2016-11-05T16:37:02+08:00 ] ::1 /huawei/index.php/Admin/Product/productControl.html
ERR: Think\Model:getProducts方法不存在！

[ 2016-11-05T16:37:02+08:00 ] ::1 /huawei/index.php/Admin/Product/productControl.html
ERR: Think\Model:getProducts方法不存在！

[ 2016-11-05T16:37:02+08:00 ] ::1 /huawei/index.php/Admin/Product/productControl.html
ERR: Think\Model:getProducts方法不存在！

[ 2016-11-05T16:37:18+08:00 ] ::1 /huawei/index.php/Admin/Product/productControl.html
ERR: Think\Model:getProducts方法不存在！

[ 2016-11-05T16:37:18+08:00 ] ::1 /huawei/index.php/Admin/Product/productControl.html
ERR: Think\Model:getProducts方法不存在！

[ 2016-11-05T16:37:18+08:00 ] ::1 /huawei/index.php/Admin/Product/productControl.html
ERR: Think\Model:getProducts方法不存在！

[ 2016-11-05T16:37:18+08:00 ] ::1 /huawei/index.php/Admin/Product/productControl.html
ERR: Think\Model:getProducts方法不存在！

[ 2016-11-05T16:38:10+08:00 ] ::1 /huawei/index.php/Admin/Product/productControl.html
ERR: Think\Model:getProducts方法不存在！

[ 2016-11-05T16:38:10+08:00 ] ::1 /huawei/index.php/Admin/Product/productControl.html
ERR: Think\Model:getProducts方法不存在！

[ 2016-11-05T16:38:10+08:00 ] ::1 /huawei/index.php/Admin/Product/productControl.html
ERR: Think\Model:getProducts方法不存在！

[ 2016-11-05T16:38:10+08:00 ] ::1 /huawei/index.php/Admin/Product/productControl.html
ERR: Think\Model:getProducts方法不存在！

[ 2016-11-05T16:39:45+08:00 ] ::1 /huawei/index.php/Admin/Product/productControl.html
ERR: Think\Model:getProducts方法不存在！

[ 2016-11-05T16:39:46+08:00 ] ::1 /huawei/index.php/Admin/Product/productControl.html
ERR: Think\Model:getProducts方法不存在！

[ 2016-11-05T16:39:46+08:00 ] ::1 /huawei/index.php/Admin/Product/productControl.html
ERR: Think\Model:getProducts方法不存在！

[ 2016-11-05T16:39:46+08:00 ] ::1 /huawei/index.php/Admin/Product/productControl.html
ERR: Think\Model:getProducts方法不存在！

[ 2016-11-05T16:39:46+08:00 ] ::1 /huawei/index.php/Admin/Product/productControl.html
ERR: Think\Model:getProducts方法不存在！

[ 2016-11-05T16:42:11+08:00 ] ::1 /huawei/index.php/Admin/Product/productControl.html
ERR: Think\Controller:limit方法不存在！

[ 2016-11-05T16:42:11+08:00 ] ::1 /huawei/index.php/Admin/Product/productControl.html
ERR: Think\Controller:limit方法不存在！

[ 2016-11-05T16:42:12+08:00 ] ::1 /huawei/index.php/Admin/Product/productControl.html
ERR: Think\Controller:limit方法不存在！

[ 2016-11-05T16:42:12+08:00 ] ::1 /huawei/index.php/Admin/Product/productControl.html
ERR: Think\Controller:limit方法不存在！

[ 2016-11-05T16:42:19+08:00 ] ::1 /huawei/index.php/Admin/Product/productControl.html
ERR: Think\Model:getProducts方法不存在！

[ 2016-11-05T16:42:20+08:00 ] ::1 /huawei/index.php/Admin/Product/productControl.html
ERR: Think\Model:getProducts方法不存在！

[ 2016-11-05T16:42:20+08:00 ] ::1 /huawei/index.php/Admin/Product/productControl.html
ERR: Think\Model:getProducts方法不存在！

[ 2016-11-05T16:42:20+08:00 ] ::1 /huawei/index.php/Admin/Product/productControl.html
ERR: Think\Model:getProducts方法不存在！

[ 2016-11-05T16:46:07+08:00 ] ::1 /huawei/index.php/Admin/Product/productControl.html
ERR: 非法操作:productControl

[ 2016-11-05T16:46:08+08:00 ] ::1 /huawei/index.php/Admin/Product/productControl.html
ERR: 非法操作:productControl

[ 2016-11-05T16:46:08+08:00 ] ::1 /huawei/index.php/Admin/Product/productControl.html
ERR: 非法操作:productControl

[ 2016-11-05T16:46:08+08:00 ] ::1 /huawei/index.php/Admin/Product/productControl.html
ERR: 非法操作:productControl

[ 2016-11-05T16:46:08+08:00 ] ::1 /huawei/index.php/Admin/Product/productControl.html
ERR: 非法操作:productControl

[ 2016-11-05T16:46:08+08:00 ] ::1 /huawei/index.php/Admin/Product/productControl.html
ERR: 非法操作:productControl

[ 2016-11-05T16:46:08+08:00 ] ::1 /huawei/index.php/Admin/Product/productControl.html
ERR: 非法操作:productControl

[ 2016-11-05T16:46:23+08:00 ] ::1 /huawei/index.php/Admin/Product/productControl.html
ERR: 无法加载控制器:Product

[ 2016-11-05T16:46:24+08:00 ] ::1 /huawei/index.php/Admin/Product/productControl.html
ERR: 无法加载控制器:Product

[ 2016-11-05T16:46:24+08:00 ] ::1 /huawei/index.php/Admin/Product/productControl.html
ERR: 无法加载控制器:Product

[ 2016-11-05T16:46:24+08:00 ] ::1 /huawei/index.php/Admin/Product/productControl.html
ERR: 无法加载控制器:Product

[ 2016-11-05T16:47:00+08:00 ] ::1 /huawei/index.php/Admin/Product/productControl.html
ERR: 非法操作:productControl

[ 2016-11-05T16:47:00+08:00 ] ::1 /huawei/index.php/Admin/Product/productControl.html
ERR: 非法操作:productControl

[ 2016-11-05T16:47:00+08:00 ] ::1 /huawei/index.php/Admin/Product/productControl.html
ERR: 非法操作:productControl

[ 2016-11-05T16:47:00+08:00 ] ::1 /huawei/index.php/Admin/Product/productControl.html
ERR: 非法操作:productControl

[ 2016-11-05T16:47:56+08:00 ] ::1 /huawei/index.php/Admin/Product/productControl.html
ERR: 非法操作:productControl

[ 2016-11-05T16:48:32+08:00 ] ::1 /huawei/index.php/Admin/Product/productControl.html
ERR: Think\Model:getProducts方法不存在！

[ 2016-11-05T16:48:32+08:00 ] ::1 /huawei/index.php/Admin/Product/productControl.html
ERR: Think\Model:getProducts方法不存在！

[ 2016-11-05T16:48:32+08:00 ] ::1 /huawei/index.php/Admin/Product/productControl.html
ERR: Think\Model:getProducts方法不存在！

[ 2016-11-05T16:48:32+08:00 ] ::1 /huawei/index.php/Admin/Product/productControl.html
ERR: Think\Model:getProducts方法不存在！

[ 2016-11-05T16:48:32+08:00 ] ::1 /huawei/index.php/Admin/Product/productControl.html
ERR: Think\Model:getProducts方法不存在！

[ 2016-11-05T16:48:33+08:00 ] ::1 /huawei/index.php/Admin/Product/productControl.html
ERR: Think\Model:getProducts方法不存在！

[ 2016-11-05T16:48:33+08:00 ] ::1 /huawei/index.php/Admin/Product/productControl.html
ERR: Think\Model:getProducts方法不存在！

[ 2016-11-05T16:48:33+08:00 ] ::1 /huawei/index.php/Admin/Product/productControl.html
ERR: Think\Model:getProducts方法不存在！

[ 2016-11-05T16:48:33+08:00 ] ::1 /huawei/index.php/Admin/Product/productControl.html
ERR: Think\Model:getProducts方法不存在！

[ 2016-11-05T16:48:33+08:00 ] ::1 /huawei/index.php/Admin/Product/productControl.html
ERR: Think\Model:getProducts方法不存在！

[ 2016-11-05T16:48:33+08:00 ] ::1 /huawei/index.php/Admin/Product/productControl.html
ERR: Think\Model:getProducts方法不存在！

[ 2016-11-05T16:48:33+08:00 ] ::1 /huawei/index.php/Admin/Product/productControl.html
ERR: Think\Model:getProducts方法不存在！

[ 2016-11-05T16:50:05+08:00 ] ::1 /huawei/index.php/Admin/Product/productControl.html
ERR: Think\Model:getProducts方法不存在！

[ 2016-11-05T16:50:05+08:00 ] ::1 /huawei/index.php/Admin/Product/productControl.html
ERR: Think\Model:getProducts方法不存在！

[ 2016-11-05T16:50:05+08:00 ] ::1 /huawei/index.php/Admin/Product/productControl.html
ERR: Think\Model:getProducts方法不存在！

[ 2016-11-05T16:50:06+08:00 ] ::1 /huawei/index.php/Admin/Product/productControl.html
ERR: Think\Model:getProducts方法不存在！

[ 2016-11-05T16:50:06+08:00 ] ::1 /huawei/index.php/Admin/Product/productControl.html
ERR: Think\Model:getProducts方法不存在！

[ 2016-11-05T16:50:06+08:00 ] ::1 /huawei/index.php/Admin/Product/productControl.html
ERR: Think\Model:getProducts方法不存在！

[ 2016-11-05T16:50:06+08:00 ] ::1 /huawei/index.php/Admin/Product/productControl.html
ERR: Think\Model:getProducts方法不存在！

[ 2016-11-05T16:50:24+08:00 ] ::1 /huawei/index.php/Admin/Product/productControl.html
ERR: Think\Model:getProducts方法不存在！

[ 2016-11-05T16:50:24+08:00 ] ::1 /huawei/index.php/Admin/Product/productControl.html
ERR: Think\Model:getProducts方法不存在！

[ 2016-11-05T16:50:24+08:00 ] ::1 /huawei/index.php/Admin/Product/productControl.html
ERR: Think\Model:getProducts方法不存在！

[ 2016-11-05T16:50:25+08:00 ] ::1 /huawei/index.php/Admin/Product/productControl.html
ERR: Think\Model:getProducts方法不存在！

[ 2016-11-05T16:50:33+08:00 ] ::1 /huawei/index.php/Admin/Product/productControl.html
ERR: Think\Model:getProducts方法不存在！

[ 2016-11-05T16:50:33+08:00 ] ::1 /huawei/index.php/Admin/Product/productControl.html
ERR: Think\Model:getProducts方法不存在！

[ 2016-11-05T16:50:33+08:00 ] ::1 /huawei/index.php/Admin/Product/productControl.html
ERR: Think\Model:getProducts方法不存在！

[ 2016-11-05T16:50:33+08:00 ] ::1 /huawei/index.php/Admin/Product/productControl.html
ERR: Think\Model:getProducts方法不存在！

[ 2016-11-05T16:50:34+08:00 ] ::1 /huawei/index.php/Admin/Product/productControl.html
ERR: Think\Model:getProducts方法不存在！

[ 2016-11-05T16:51:06+08:00 ] ::1 /huawei/index.php/Admin/Product/productControl.html
ERR: Think\Model:getProducts方法不存在！

[ 2016-11-05T16:51:06+08:00 ] ::1 /huawei/index.php/Admin/Product/productControl.html
ERR: Think\Model:getProducts方法不存在！

[ 2016-11-05T16:51:07+08:00 ] ::1 /huawei/index.php/Admin/Product/productControl.html
ERR: Think\Model:getProducts方法不存在！

[ 2016-11-05T16:51:07+08:00 ] ::1 /huawei/index.php/Admin/Product/productControl.html
ERR: Think\Model:getProducts方法不存在！

[ 2016-11-05T16:51:39+08:00 ] ::1 /huawei/index.php/Admin/Product/productControl.html
ERR: Think\Model:getProducts方法不存在！

[ 2016-11-05T16:51:39+08:00 ] ::1 /huawei/index.php/Admin/Product/productControl.html
ERR: Think\Model:getProducts方法不存在！

[ 2016-11-05T16:51:39+08:00 ] ::1 /huawei/index.php/Admin/Product/productControl.html
ERR: Think\Model:getProducts方法不存在！

[ 2016-11-05T16:51:42+08:00 ] ::1 /huawei/index.php/Admin/Product/productControl.html
ERR: Think\Model:getProducts方法不存在！

[ 2016-11-05T16:52:45+08:00 ] ::1 /huawei/index.php/Admin/Product/productControl.html
ERR: Think\Model:Products方法不存在！

[ 2016-11-05T16:52:46+08:00 ] ::1 /huawei/index.php/Admin/Product/productControl.html
ERR: Think\Model:Products方法不存在！

[ 2016-11-05T16:52:46+08:00 ] ::1 /huawei/index.php/Admin/Product/productControl.html
ERR: Think\Model:Products方法不存在！

[ 2016-11-05T16:52:46+08:00 ] ::1 /huawei/index.php/Admin/Product/productControl.html
ERR: Think\Model:Products方法不存在！

[ 2016-11-05T16:52:46+08:00 ] ::1 /huawei/index.php/Admin/Product/productControl.html
ERR: Think\Model:Products方法不存在！

[ 2016-11-05T16:52:46+08:00 ] ::1 /huawei/index.php/Admin/Product/productControl.html
ERR: Think\Model:Products方法不存在！

[ 2016-11-05T16:52:46+08:00 ] ::1 /huawei/index.php/Admin/Product/productControl.html
ERR: Think\Model:Products方法不存在！

[ 2016-11-05T16:52:47+08:00 ] ::1 /huawei/index.php/Admin/Product/productControl.html
ERR: Think\Model:Products方法不存在！

[ 2016-11-05T16:53:16+08:00 ] ::1 /huawei/index.php/Admin/Product/productControl.html
ERR: Think\Model:Products方法不存在！

[ 2016-11-05T16:53:16+08:00 ] ::1 /huawei/index.php/Admin/Product/productControl.html
ERR: Think\Model:Products方法不存在！

[ 2016-11-05T16:53:17+08:00 ] ::1 /huawei/index.php/Admin/Product/productControl.html
ERR: Think\Model:Products方法不存在！

[ 2016-11-05T16:53:17+08:00 ] ::1 /huawei/index.php/Admin/Product/productControl.html
ERR: Think\Model:Products方法不存在！

[ 2016-11-05T16:53:17+08:00 ] ::1 /huawei/index.php/Admin/Product/productControl.html
ERR: Think\Model:Products方法不存在！

[ 2016-11-05T16:53:17+08:00 ] ::1 /huawei/index.php/Admin/Product/productControl.html
ERR: Think\Model:Products方法不存在！

[ 2016-11-05T16:53:21+08:00 ] ::1 /huawei/index.php/Admin/Product/productControl.html
ERR: Think\Model:Products方法不存在！

[ 2016-11-05T16:53:22+08:00 ] ::1 /huawei/index.php/Admin/Product/productControl.html
ERR: Think\Model:Products方法不存在！

[ 2016-11-05T16:53:22+08:00 ] ::1 /huawei/index.php/Admin/Product/productControl.html
ERR: Think\Model:Products方法不存在！

[ 2016-11-05T16:53:22+08:00 ] ::1 /huawei/index.php/Admin/Product/productControl.html
ERR: Think\Model:Products方法不存在！

[ 2016-11-05T16:53:22+08:00 ] ::1 /huawei/index.php/Admin/Product/productControl.html
ERR: Think\Model:Products方法不存在！

[ 2016-11-05T16:56:00+08:00 ] ::1 /huawei/index.php/Admin/Product/productControl.html
ERR: Think\Model:Products方法不存在！

[ 2016-11-05T16:56:24+08:00 ] ::1 /huawei/index.php/Admin/Product/productControl.html
ERR: Think\Model:Products方法不存在！

[ 2016-11-05T16:56:25+08:00 ] ::1 /huawei/index.php/Admin/Product/productControl.html
ERR: Think\Model:Products方法不存在！

[ 2016-11-05T16:56:25+08:00 ] ::1 /huawei/index.php/Admin/Product/productControl.html
ERR: Think\Model:Products方法不存在！

[ 2016-11-05T16:56:25+08:00 ] ::1 /huawei/index.php/Admin/Product/productControl.html
ERR: Think\Model:Products方法不存在！

[ 2016-11-05T16:56:25+08:00 ] ::1 /huawei/index.php/Admin/Product/productControl.html
ERR: Think\Model:Products方法不存在！

[ 2016-11-05T16:56:25+08:00 ] ::1 /huawei/index.php/Admin/Product/productControl.html
ERR: Think\Model:Products方法不存在！

[ 2016-11-05T16:56:34+08:00 ] ::1 /huawei/index.php/Admin/Product/productControl.html
ERR: Think\Model:Products方法不存在！

[ 2016-11-05T16:56:34+08:00 ] ::1 /huawei/index.php/Admin/Product/productControl.html
ERR: Think\Model:Products方法不存在！

[ 2016-11-05T16:56:49+08:00 ] ::1 /huawei/index.php/Admin/Product/productControl.html
ERR: Think\Model:getProducts方法不存在！

[ 2016-11-05T16:56:49+08:00 ] ::1 /huawei/index.php/Admin/Product/productControl.html
ERR: Think\Model:getProducts方法不存在！

[ 2016-11-05T16:56:49+08:00 ] ::1 /huawei/index.php/Admin/Product/productControl.html
ERR: Think\Model:getProducts方法不存在！

[ 2016-11-05T16:56:49+08:00 ] ::1 /huawei/index.php/Admin/Product/productControl.html
ERR: Think\Model:getProducts方法不存在！

[ 2016-11-05T16:56:49+08:00 ] ::1 /huawei/index.php/Admin/Product/productControl.html
ERR: Think\Model:getProducts方法不存在！

[ 2016-11-05T16:56:50+08:00 ] ::1 /huawei/index.php/Admin/Product/productControl.html
ERR: Think\Model:getProducts方法不存在！

[ 2016-11-05T16:58:25+08:00 ] ::1 /huawei/index.php/Admin/Product/productControl.html
ERR: Think\Model:P方法不存在！

[ 2016-11-05T16:58:25+08:00 ] ::1 /huawei/index.php/Admin/Product/productControl.html
ERR: Think\Model:P方法不存在！

[ 2016-11-05T16:58:25+08:00 ] ::1 /huawei/index.php/Admin/Product/productControl.html
ERR: Think\Model:P方法不存在！

[ 2016-11-05T16:58:25+08:00 ] ::1 /huawei/index.php/Admin/Product/productControl.html
ERR: Think\Model:P方法不存在！

[ 2016-11-05T16:58:25+08:00 ] ::1 /huawei/index.php/Admin/Product/productControl.html
ERR: Think\Model:P方法不存在！

[ 2016-11-05T16:58:25+08:00 ] ::1 /huawei/index.php/Admin/Product/productControl.html
ERR: Think\Model:P方法不存在！

[ 2016-11-05T16:58:25+08:00 ] ::1 /huawei/index.php/Admin/Product/productControl.html
ERR: Think\Model:P方法不存在！

[ 2016-11-05T16:58:25+08:00 ] ::1 /huawei/index.php/Admin/Product/productControl.html
ERR: Think\Model:P方法不存在！

[ 2016-11-05T16:58:25+08:00 ] ::1 /huawei/index.php/Admin/Product/productControl.html
ERR: Think\Model:P方法不存在！

[ 2016-11-05T16:58:25+08:00 ] ::1 /huawei/index.php/Admin/Product/productControl.html
ERR: Think\Model:P方法不存在！

[ 2016-11-05T16:58:25+08:00 ] ::1 /huawei/index.php/Admin/Product/productControl.html
ERR: Think\Model:P方法不存在！

[ 2016-11-05T16:58:25+08:00 ] ::1 /huawei/index.php/Admin/Product/productControl.html
ERR: Think\Model:P方法不存在！

[ 2016-11-05T16:58:26+08:00 ] ::1 /huawei/index.php/Admin/Product/productControl.html
ERR: Think\Model:P方法不存在！

[ 2016-11-05T16:58:26+08:00 ] ::1 /huawei/index.php/Admin/Product/productControl.html
ERR: Think\Model:P方法不存在！

[ 2016-11-05T16:58:26+08:00 ] ::1 /huawei/index.php/Admin/Product/productControl.html
ERR: Think\Model:P方法不存在！

[ 2016-11-05T16:58:26+08:00 ] ::1 /huawei/index.php/Admin/Product/productControl.html
ERR: Think\Model:P方法不存在！

[ 2016-11-05T16:58:26+08:00 ] ::1 /huawei/index.php/Admin/Product/productControl.html
ERR: Think\Model:P方法不存在！

[ 2016-11-05T16:58:26+08:00 ] ::1 /huawei/index.php/Admin/Product/productControl.html
ERR: Think\Model:P方法不存在！

[ 2016-11-05T16:59:19+08:00 ] ::1 /huawei/index.php/Admin/Product/productControl.html
ERR: Think\Model:getProducts方法不存在！

[ 2016-11-05T16:59:19+08:00 ] ::1 /huawei/index.php/Admin/Product/productControl.html
ERR: Think\Model:getProducts方法不存在！

[ 2016-11-05T16:59:19+08:00 ] ::1 /huawei/index.php/Admin/Product/productControl.html
ERR: Think\Model:getProducts方法不存在！

[ 2016-11-05T16:59:19+08:00 ] ::1 /huawei/index.php/Admin/Product/productControl.html
ERR: Think\Model:getProducts方法不存在！

[ 2016-11-05T17:02:41+08:00 ] ::1 /huawei/index.php/Admin/Product/productControl.html
ERR: Think\Model:getProducts方法不存在！

[ 2016-11-05T17:02:41+08:00 ] ::1 /huawei/index.php/Admin/Product/productControl.html
ERR: Think\Model:getProducts方法不存在！

[ 2016-11-05T17:02:41+08:00 ] ::1 /huawei/index.php/Admin/Product/productControl.html
ERR: Think\Model:getProducts方法不存在！

[ 2016-11-05T17:02:41+08:00 ] ::1 /huawei/index.php/Admin/Product/productControl.html
ERR: Think\Model:getProducts方法不存在！

[ 2016-11-05T17:02:41+08:00 ] ::1 /huawei/index.php/Admin/Product/productControl.html
ERR: Think\Model:getProducts方法不存在！

[ 2016-11-05T17:02:42+08:00 ] ::1 /huawei/index.php/Admin/Product/productControl.html
ERR: Think\Model:getProducts方法不存在！

[ 2016-11-05T17:02:42+08:00 ] ::1 /huawei/index.php/Admin/Product/productControl.html
ERR: Think\Model:getProducts方法不存在！

[ 2016-11-05T17:02:42+08:00 ] ::1 /huawei/index.php/Admin/Product/productControl.html
ERR: Think\Model:getProducts方法不存在！

[ 2016-11-05T17:02:42+08:00 ] ::1 /huawei/index.php/Admin/Product/productControl.html
ERR: Think\Model:getProducts方法不存在！

[ 2016-11-05T17:06:13+08:00 ] ::1 /huawei/index.php/Admin/Product/productControl.html
ERR: Think\Model:getProducts方法不存在！

[ 2016-11-05T17:06:14+08:00 ] ::1 /huawei/index.php/Admin/Product/productControl.html
ERR: Think\Model:getProducts方法不存在！

[ 2016-11-05T17:06:14+08:00 ] ::1 /huawei/index.php/Admin/Product/productControl.html
ERR: Think\Model:getProducts方法不存在！

[ 2016-11-05T17:06:14+08:00 ] ::1 /huawei/index.php/Admin/Product/productControl.html
ERR: Think\Model:getProducts方法不存在！

[ 2016-11-05T17:06:14+08:00 ] ::1 /huawei/index.php/Admin/Product/productControl.html
ERR: Think\Model:getProducts方法不存在！

[ 2016-11-05T17:06:14+08:00 ] ::1 /huawei/index.php/Admin/Product/productControl.html
ERR: Think\Model:getProducts方法不存在！

[ 2016-11-05T17:06:18+08:00 ] ::1 /huawei/index.php/Admin/Product/productControl.html
ERR: Think\Model:getProducts方法不存在！

[ 2016-11-05T17:07:14+08:00 ] ::1 /huawei/index.php/Admin/Product/productControl.html
ERR: Think\Model:getProducts方法不存在！

[ 2016-11-05T17:07:15+08:00 ] ::1 /huawei/index.php/Admin/Product/productControl.html
ERR: Think\Model:getProducts方法不存在！

[ 2016-11-05T17:07:15+08:00 ] ::1 /huawei/index.php/Admin/Product/productControl.html
ERR: Think\Model:getProducts方法不存在！

[ 2016-11-05T17:07:15+08:00 ] ::1 /huawei/index.php/Admin/Product/productControl.html
ERR: Think\Model:getProducts方法不存在！

[ 2016-11-05T17:07:15+08:00 ] ::1 /huawei/index.php/Admin/Product/productControl.html
ERR: Think\Model:getProducts方法不存在！

[ 2016-11-05T17:09:38+08:00 ] ::1 /huawei/index.php/Admin/Product/productControl.html
ERR: Think\Model:getProducts方法不存在！

[ 2016-11-05T17:09:38+08:00 ] ::1 /huawei/index.php/Admin/Product/productControl.html
ERR: Think\Model:getProducts方法不存在！

[ 2016-11-05T17:09:38+08:00 ] ::1 /huawei/index.php/Admin/Product/productControl.html
ERR: Think\Model:getProducts方法不存在！

[ 2016-11-05T17:09:38+08:00 ] ::1 /huawei/index.php/Admin/Product/productControl.html
ERR: Think\Model:getProducts方法不存在！

[ 2016-11-05T17:09:38+08:00 ] ::1 /huawei/index.php/Admin/Product/productControl.html
ERR: Think\Model:getProducts方法不存在！

[ 2016-11-05T17:10:19+08:00 ] ::1 /huawei/index.php/Admin/Product/productControl.html
ERR: Think\Model:getProducts方法不存在！

[ 2016-11-05T17:10:20+08:00 ] ::1 /huawei/index.php/Admin/Product/productControl.html
ERR: Think\Model:getProducts方法不存在！

[ 2016-11-05T17:10:20+08:00 ] ::1 /huawei/index.php/Admin/Product/productControl.html
ERR: Think\Model:getProducts方法不存在！

[ 2016-11-05T17:10:20+08:00 ] ::1 /huawei/index.php/Admin/Product/productControl.html
ERR: Think\Model:getProducts方法不存在！

[ 2016-11-05T17:10:20+08:00 ] ::1 /huawei/index.php/Admin/Product/productControl.html
ERR: Think\Model:getProducts方法不存在！

[ 2016-11-05T17:10:20+08:00 ] ::1 /huawei/index.php/Admin/Product/productControl.html
ERR: Think\Model:getProducts方法不存在！

[ 2016-11-05T17:10:20+08:00 ] ::1 /huawei/index.php/Admin/Product/productControl.html
ERR: Think\Model:getProducts方法不存在！

[ 2016-11-05T17:10:20+08:00 ] ::1 /huawei/index.php/Admin/Product/productControl.html
ERR: Think\Model:getProducts方法不存在！

[ 2016-11-05T17:12:33+08:00 ] ::1 /huawei/index.php/Admin/Product/productControl.html
ERR: Think\Model:getProducts方法不存在！

[ 2016-11-05T17:12:33+08:00 ] ::1 /huawei/index.php/Admin/Product/productControl.html
ERR: Think\Model:getProducts方法不存在！

[ 2016-11-05T17:12:33+08:00 ] ::1 /huawei/index.php/Admin/Product/productControl.html
ERR: Think\Model:getProducts方法不存在！

[ 2016-11-05T17:12:33+08:00 ] ::1 /huawei/index.php/Admin/Product/productControl.html
ERR: Think\Model:getProducts方法不存在！

[ 2016-11-05T17:12:33+08:00 ] ::1 /huawei/index.php/Admin/Product/productControl.html
ERR: Think\Model:getProducts方法不存在！

[ 2016-11-05T17:12:34+08:00 ] ::1 /huawei/index.php/Admin/Product/productControl.html
ERR: Think\Model:getProducts方法不存在！

[ 2016-11-05T17:17:24+08:00 ] ::1 /huawei/index.php/Admin/Product/productControl/p/2.html
ERR: Think\Model:getProducts方法不存在！

[ 2016-11-05T17:24:13+08:00 ] ::1 /huawei/index.php/Admin/Product/productControl/p/2.html
ERR: Think\Model:getProducts方法不存在！

[ 2016-11-05T17:24:14+08:00 ] ::1 /huawei/index.php/Admin/Product/productControl/p/2.html
ERR: Think\Model:getProducts方法不存在！

[ 2016-11-05T17:24:14+08:00 ] ::1 /huawei/index.php/Admin/Product/productControl/p/2.html
ERR: Think\Model:getProducts方法不存在！

[ 2016-11-05T17:24:14+08:00 ] ::1 /huawei/index.php/Admin/Product/productControl/p/2.html
ERR: Think\Model:getProducts方法不存在！

[ 2016-11-05T17:24:14+08:00 ] ::1 /huawei/index.php/Admin/Product/productControl/p/2.html
ERR: Think\Model:getProducts方法不存在！

[ 2016-11-05T17:24:14+08:00 ] ::1 /huawei/index.php/Admin/Product/productControl/p/2.html
ERR: Think\Model:getProducts方法不存在！

[ 2016-11-05T17:24:14+08:00 ] ::1 /huawei/index.php/Admin/Product/productControl/p/2.html
ERR: Think\Model:getProducts方法不存在！

[ 2016-11-05T17:24:14+08:00 ] ::1 /huawei/index.php/Admin/Product/productControl/p/2.html
ERR: Think\Model:getProducts方法不存在！

[ 2016-11-05T17:25:26+08:00 ] ::1 /huawei/index.php/Admin/Product/productControl/p/2.html
ERR: Think\Model:getProducts方法不存在！

[ 2016-11-05T17:25:26+08:00 ] ::1 /huawei/index.php/Admin/Product/productControl/p/2.html
ERR: Think\Model:getProducts方法不存在！

[ 2016-11-05T17:25:26+08:00 ] ::1 /huawei/index.php/Admin/Product/productControl/p/2.html
ERR: Think\Model:getProducts方法不存在！

[ 2016-11-05T17:25:26+08:00 ] ::1 /huawei/index.php/Admin/Product/productControl/p/2.html
ERR: Think\Model:getProducts方法不存在！

[ 2016-11-05T17:25:26+08:00 ] ::1 /huawei/index.php/Admin/Product/productControl/p/2.html
ERR: Think\Model:getProducts方法不存在！

[ 2016-11-05T17:25:26+08:00 ] ::1 /huawei/index.php/Admin/Product/productControl/p/2.html
ERR: Think\Model:getProducts方法不存在！

[ 2016-11-05T17:25:26+08:00 ] ::1 /huawei/index.php/Admin/Product/productControl/p/2.html
ERR: Think\Model:getProducts方法不存在！

