[ 2016-11-23T19:17:52+08:00 ] ::1 /huawei/index.php/Admin/Product/host
INFO: [ app_begin ] --START--
INFO: Run Behavior\ReadHtmlCacheBehavior [ RunTime:0.000925s ]
INFO: [ app_begin ] --END-- [ RunTime:0.001734s ]
SQL: SHOW COLUMNS FROM `huawei_product` [ RunTime:0.0034s ]
SQL: UPDATE `huawei_product` SET `host_id`='1' WHERE ( product_id=8 ) [ RunTime:0.0191s ]
INFO: [ app_end ] --START--
INFO: Run Behavior\ShowPageTraceBehavior [ RunTime:0.000728s ]
INFO: [ app_end ] --END-- [ RunTime:0.000776s ]

[ 2016-11-23T19:17:56+08:00 ] ::1 /huawei/index.php/Admin/Product/hotSale
INFO: [ app_begin ] --START--
INFO: Run Behavior\ReadHtmlCacheBehavior [ RunTime:0.000524s ]
INFO: [ app_begin ] --END-- [ RunTime:0.000961s ]
SQL: SHOW COLUMNS FROM `huawei_product` [ RunTime:0.0048s ]
SQL: UPDATE `huawei_product` SET `host_id`='2' WHERE ( product_id=8 ) [ RunTime:0.0837s ]
INFO: [ app_end ] --START--
INFO: Run Behavior\ShowPageTraceBehavior [ RunTime:0.002168s ]
INFO: [ app_end ] --END-- [ RunTime:0.002291s ]

[ 2016-11-23T19:17:58+08:00 ] ::1 /huawei/index.php/Admin/Product/host
INFO: [ app_begin ] --START--
INFO: Run Behavior\ReadHtmlCacheBehavior [ RunTime:0.001165s ]
INFO: [ app_begin ] --END-- [ RunTime:0.001894s ]
SQL: SHOW COLUMNS FROM `huawei_product` [ RunTime:0.0144s ]
SQL: UPDATE `huawei_product` SET `host_id`='1' WHERE ( product_id=8 ) [ RunTime:0.0382s ]
INFO: [ app_end ] --START--
INFO: Run Behavior\ShowPageTraceBehavior [ RunTime:0.002175s ]
INFO: [ app_end ] --END-- [ RunTime:0.002295s ]

