[ 2016-11-02T11:40:51+08:00 ] ::1 /huawei/index.php/Admin/Upload/upload.html
ERR: 无法加载控制器:Upload

[ 2016-11-02T11:41:27+08:00 ] ::1 /huawei/index.php/Admin/Upload/upload.html
ERR: 无法加载控制器:Upload

[ 2016-11-02T11:41:27+08:00 ] ::1 /huawei/index.php/Admin/Upload/upload.html
ERR: 无法加载控制器:Upload

[ 2016-11-02T11:41:27+08:00 ] ::1 /huawei/index.php/Admin/Upload/upload.html
ERR: 无法加载控制器:Upload

[ 2016-11-02T11:41:27+08:00 ] ::1 /huawei/index.php/Admin/Upload/upload.html
ERR: 无法加载控制器:Upload

[ 2016-11-02T11:41:46+08:00 ] ::1 /huawei/index.php/Admin/Upload/upload.html
ERR: 无法加载控制器:Upload

[ 2016-11-02T11:41:46+08:00 ] ::1 /huawei/index.php/Admin/Upload/upload.html
ERR: 无法加载控制器:Upload

[ 2016-11-02T11:41:47+08:00 ] ::1 /huawei/index.php/Admin/Upload/upload.html
ERR: 无法加载控制器:Upload

[ 2016-11-02T11:41:47+08:00 ] ::1 /huawei/index.php/Admin/Upload/upload.html
ERR: 无法加载控制器:Upload

[ 2016-11-02T11:41:47+08:00 ] ::1 /huawei/index.php/Admin/Upload/upload.html
ERR: 无法加载控制器:Upload

[ 2016-11-02T11:41:49+08:00 ] ::1 /huawei/index.php/Admin/Upload/upload.html
ERR: 无法加载控制器:Upload

[ 2016-11-02T11:42:12+08:00 ] ::1 /huawei/index.php/Admin/Upload/upload.html
ERR: 无法加载控制器:Upload

[ 2016-11-02T11:42:12+08:00 ] ::1 /huawei/index.php/Admin/Upload/upload.html
ERR: 无法加载控制器:Upload

[ 2016-11-02T11:42:13+08:00 ] ::1 /huawei/index.php/Admin/Upload/upload.html
ERR: 无法加载控制器:Upload

[ 2016-11-02T11:42:13+08:00 ] ::1 /huawei/index.php/Admin/Upload/upload.html
ERR: 无法加载控制器:Upload

[ 2016-11-02T11:42:13+08:00 ] ::1 /huawei/index.php/Admin/Upload/upload.html
ERR: 无法加载控制器:Upload

[ 2016-11-02T11:42:13+08:00 ] ::1 /huawei/index.php/Admin/Upload/upload.html
ERR: 无法加载控制器:Upload

[ 2016-11-02T11:42:13+08:00 ] ::1 /huawei/index.php/Admin/Upload/upload.html
ERR: 无法加载控制器:Upload

[ 2016-11-02T11:42:13+08:00 ] ::1 /huawei/index.php/Admin/Upload/upload.html
ERR: 无法加载控制器:Upload

[ 2016-11-02T11:42:14+08:00 ] ::1 /huawei/index.php/Admin/Upload/upload.html
ERR: 无法加载控制器:Upload

[ 2016-11-02T11:42:14+08:00 ] ::1 /huawei/index.php/Admin/Upload/upload.html
ERR: 无法加载控制器:Upload

[ 2016-11-02T11:42:14+08:00 ] ::1 /huawei/index.php/Admin/Upload/upload.html
ERR: 无法加载控制器:Upload

[ 2016-11-02T14:11:55+08:00 ] ::1 /huawei/index.php/Admin/Index/upload
ERR: 非法操作:upload

[ 2016-11-02T15:22:25+08:00 ] ::1 /huawei/index.php/Admin/Index/upload
ERR: 非法操作:upload

[ 2016-11-02T15:23:47+08:00 ] ::1 /huawei/index.php/Admin/View/Config/config_upload
ERR: 无法加载控制器:View

[ 2016-11-02T15:24:30+08:00 ] ::1 /huawei/index.php/Admin/View/Config/
ERR: 无法加载控制器:View

[ 2016-11-02T15:24:36+08:00 ] ::1 /huawei/index.php/Admin/View/Config
ERR: 无法加载控制器:View

[ 2016-11-02T15:24:41+08:00 ] ::1 /huawei/index.php/Admin/Index/upload.html
ERR: 非法操作:upload

[ 2016-11-02T17:03:39+08:00 ] ::1 /huawei/index.php/Admin/Index/upload.html
ERR: 非法操作:upload

[ 2016-11-02T19:06:32+08:00 ] ::1 /huawei/Admin/Upload
ERR: 非法操作:index

[ 2016-11-02T19:07:45+08:00 ] ::1 /huawei/Admin/Upload
ERR: 非法操作:index

[ 2016-11-02T19:07:45+08:00 ] ::1 /huawei/Admin/Upload
ERR: 非法操作:index

[ 2016-11-02T19:12:28+08:00 ] ::1 /huawei/Admin/Upload
ERR: 非法操作:index

