[ 2016-11-09T19:17:27+08:00 ] ::1 /huawei/index.php/Admin/Product/host
INFO: [ app_begin ] --START--
INFO: Run Behavior\ReadHtmlCacheBehavior [ RunTime:0.000705s ]
INFO: [ app_begin ] --END-- [ RunTime:0.001389s ]
SQL: SHOW COLUMNS FROM `huawei_product` [ RunTime:0.0063s ]
SQL: UPDATE `huawei_product` SET `host_id`='1' WHERE ( product_id=12 ) [ RunTime:0.0004s ]
INFO: [ app_end ] --START--
INFO: Run Behavior\ShowPageTraceBehavior [ RunTime:0.000718s ]
INFO: [ app_end ] --END-- [ RunTime:0.000758s ]

[ 2016-11-09T19:17:27+08:00 ] ::1 /huawei/index.php/Admin/Product/hotSale
INFO: [ app_begin ] --START--
INFO: Run Behavior\ReadHtmlCacheBehavior [ RunTime:0.000515s ]
INFO: [ app_begin ] --END-- [ RunTime:0.000904s ]
SQL: SHOW COLUMNS FROM `huawei_product` [ RunTime:0.0044s ]
SQL: UPDATE `huawei_product` SET `host_id`='2' WHERE ( product_id=12 ) [ RunTime:0.0644s ]
INFO: [ app_end ] --START--
INFO: Run Behavior\ShowPageTraceBehavior [ RunTime:0.001505s ]
INFO: [ app_end ] --END-- [ RunTime:0.001630s ]

[ 2016-11-09T19:21:28+08:00 ] ::1 /huawei/index.php/Admin/Product/host
INFO: [ app_begin ] --START--
INFO: Run Behavior\ReadHtmlCacheBehavior [ RunTime:0.000475s ]
INFO: [ app_begin ] --END-- [ RunTime:0.000887s ]
SQL: SHOW COLUMNS FROM `huawei_product` [ RunTime:0.0289s ]
SQL: UPDATE `huawei_product` SET `host_id`='1' WHERE ( product_id=12 ) [ RunTime:0.0424s ]
INFO: [ app_end ] --START--
INFO: Run Behavior\ShowPageTraceBehavior [ RunTime:0.001681s ]
INFO: [ app_end ] --END-- [ RunTime:0.001795s ]

[ 2016-11-09T19:21:29+08:00 ] ::1 /huawei/index.php/Admin/Product/host
INFO: [ app_begin ] --START--
INFO: Run Behavior\ReadHtmlCacheBehavior [ RunTime:0.000519s ]
INFO: [ app_begin ] --END-- [ RunTime:0.000955s ]
SQL: SHOW COLUMNS FROM `huawei_product` [ RunTime:0.0036s ]
SQL: UPDATE `huawei_product` SET `host_id`='1' WHERE ( product_id=13 ) [ RunTime:0.1320s ]
INFO: [ app_end ] --START--
INFO: Run Behavior\ShowPageTraceBehavior [ RunTime:0.001800s ]
INFO: [ app_end ] --END-- [ RunTime:0.001913s ]

[ 2016-11-09T19:21:30+08:00 ] ::1 /huawei/index.php/Admin/Product/host
INFO: [ app_begin ] --START--
INFO: Run Behavior\ReadHtmlCacheBehavior [ RunTime:0.000497s ]
INFO: [ app_begin ] --END-- [ RunTime:0.001008s ]
SQL: SHOW COLUMNS FROM `huawei_product` [ RunTime:0.0034s ]
SQL: UPDATE `huawei_product` SET `host_id`='1' WHERE ( product_id=14 ) [ RunTime:0.0969s ]
INFO: [ app_end ] --START--
INFO: Run Behavior\ShowPageTraceBehavior [ RunTime:0.001721s ]
INFO: [ app_end ] --END-- [ RunTime:0.001843s ]

[ 2016-11-09T19:22:22+08:00 ] ::1 /huawei/index.php/Admin/Product/hotSale
INFO: [ app_begin ] --START--
INFO: Run Behavior\ReadHtmlCacheBehavior [ RunTime:0.001722s ]
INFO: [ app_begin ] --END-- [ RunTime:0.003329s ]
SQL: SHOW COLUMNS FROM `huawei_product` [ RunTime:0.0059s ]
SQL: UPDATE `huawei_product` SET `host_id`='2' WHERE ( product_id=11 ) [ RunTime:0.0507s ]
INFO: [ app_end ] --START--
INFO: Run Behavior\ShowPageTraceBehavior [ RunTime:0.000705s ]
INFO: [ app_end ] --END-- [ RunTime:0.000760s ]

[ 2016-11-09T19:22:23+08:00 ] ::1 /huawei/index.php/Admin/Product/hotSale
INFO: [ app_begin ] --START--
INFO: Run Behavior\ReadHtmlCacheBehavior [ RunTime:0.000516s ]
INFO: [ app_begin ] --END-- [ RunTime:0.000900s ]
SQL: SHOW COLUMNS FROM `huawei_product` [ RunTime:0.0035s ]
SQL: UPDATE `huawei_product` SET `host_id`='2' WHERE ( product_id=11 ) [ RunTime:0.0003s ]
INFO: [ app_end ] --START--
INFO: Run Behavior\ShowPageTraceBehavior [ RunTime:0.000682s ]
INFO: [ app_end ] --END-- [ RunTime:0.000726s ]

[ 2016-11-09T19:22:34+08:00 ] ::1 /huawei/index.php/Admin/Product/host
INFO: [ app_begin ] --START--
INFO: Run Behavior\ReadHtmlCacheBehavior [ RunTime:0.000674s ]
INFO: [ app_begin ] --END-- [ RunTime:0.001065s ]
SQL: SHOW COLUMNS FROM `huawei_product` [ RunTime:0.0087s ]
SQL: UPDATE `huawei_product` SET `host_id`='1' WHERE ( product_id=11 ) [ RunTime:0.0365s ]
INFO: [ app_end ] --START--
INFO: Run Behavior\ShowPageTraceBehavior [ RunTime:0.000722s ]
INFO: [ app_end ] --END-- [ RunTime:0.000771s ]

[ 2016-11-09T19:22:36+08:00 ] ::1 /huawei/index.php/Admin/Product/host
INFO: [ app_begin ] --START--
INFO: Run Behavior\ReadHtmlCacheBehavior [ RunTime:0.000496s ]
INFO: [ app_begin ] --END-- [ RunTime:0.000924s ]
SQL: SHOW COLUMNS FROM `huawei_product` [ RunTime:0.0035s ]
SQL: UPDATE `huawei_product` SET `host_id`='1' WHERE ( product_id=11 ) [ RunTime:0.0006s ]
INFO: [ app_end ] --START--
INFO: Run Behavior\ShowPageTraceBehavior [ RunTime:0.000694s ]
INFO: [ app_end ] --END-- [ RunTime:0.000741s ]

[ 2016-11-09T19:31:40+08:00 ] ::1 /huawei/index.php/Admin/Product/hotSale
INFO: [ app_begin ] --START--
INFO: Run Behavior\ReadHtmlCacheBehavior [ RunTime:0.000761s ]
INFO: [ app_begin ] --END-- [ RunTime:0.001333s ]
SQL: SHOW COLUMNS FROM `huawei_product` [ RunTime:0.0038s ]
ERR: 1064:You have an error in your SQL syntax; check the manual that corresponds to your MariaDB server version for the right syntax to use near ')' at line 1
 [ SQL语句 ] : UPDATE `huawei_product` SET `host_id`='2' WHERE ( product_id= )
ERR: 1064:You have an error in your SQL syntax; check the manual that corresponds to your MariaDB server version for the right syntax to use near ')' at line 1
 [ SQL语句 ] : UPDATE `huawei_product` SET `host_id`='2' WHERE ( product_id= )

[ 2016-11-09T19:31:43+08:00 ] ::1 /huawei/index.php/Admin/Product/hotSale
INFO: [ app_begin ] --START--
INFO: Run Behavior\ReadHtmlCacheBehavior [ RunTime:0.000704s ]
INFO: [ app_begin ] --END-- [ RunTime:0.001279s ]
SQL: SHOW COLUMNS FROM `huawei_product` [ RunTime:0.0037s ]
ERR: 1064:You have an error in your SQL syntax; check the manual that corresponds to your MariaDB server version for the right syntax to use near ')' at line 1
 [ SQL语句 ] : UPDATE `huawei_product` SET `host_id`='2' WHERE ( product_id= )
ERR: 1064:You have an error in your SQL syntax; check the manual that corresponds to your MariaDB server version for the right syntax to use near ')' at line 1
 [ SQL语句 ] : UPDATE `huawei_product` SET `host_id`='2' WHERE ( product_id= )

[ 2016-11-09T19:31:44+08:00 ] ::1 /huawei/index.php/Admin/Product/hotSale
INFO: [ app_begin ] --START--
INFO: Run Behavior\ReadHtmlCacheBehavior [ RunTime:0.000651s ]
INFO: [ app_begin ] --END-- [ RunTime:0.001072s ]
SQL: SHOW COLUMNS FROM `huawei_product` [ RunTime:0.0042s ]
ERR: 1064:You have an error in your SQL syntax; check the manual that corresponds to your MariaDB server version for the right syntax to use near ')' at line 1
 [ SQL语句 ] : UPDATE `huawei_product` SET `host_id`='2' WHERE ( product_id= )
ERR: 1064:You have an error in your SQL syntax; check the manual that corresponds to your MariaDB server version for the right syntax to use near ')' at line 1
 [ SQL语句 ] : UPDATE `huawei_product` SET `host_id`='2' WHERE ( product_id= )

[ 2016-11-09T19:31:45+08:00 ] ::1 /huawei/index.php/Admin/Product/hotSale
INFO: [ app_begin ] --START--
INFO: Run Behavior\ReadHtmlCacheBehavior [ RunTime:0.000496s ]
INFO: [ app_begin ] --END-- [ RunTime:0.000897s ]
SQL: SHOW COLUMNS FROM `huawei_product` [ RunTime:0.0033s ]
ERR: 1064:You have an error in your SQL syntax; check the manual that corresponds to your MariaDB server version for the right syntax to use near ')' at line 1
 [ SQL语句 ] : UPDATE `huawei_product` SET `host_id`='2' WHERE ( product_id= )
ERR: 1064:You have an error in your SQL syntax; check the manual that corresponds to your MariaDB server version for the right syntax to use near ')' at line 1
 [ SQL语句 ] : UPDATE `huawei_product` SET `host_id`='2' WHERE ( product_id= )

[ 2016-11-09T19:31:45+08:00 ] ::1 /huawei/index.php/Admin/Product/hotSale
INFO: [ app_begin ] --START--
INFO: Run Behavior\ReadHtmlCacheBehavior [ RunTime:0.001354s ]
INFO: [ app_begin ] --END-- [ RunTime:0.002174s ]
SQL: SHOW COLUMNS FROM `huawei_product` [ RunTime:0.0036s ]
ERR: 1064:You have an error in your SQL syntax; check the manual that corresponds to your MariaDB server version for the right syntax to use near ')' at line 1
 [ SQL语句 ] : UPDATE `huawei_product` SET `host_id`='2' WHERE ( product_id= )
ERR: 1064:You have an error in your SQL syntax; check the manual that corresponds to your MariaDB server version for the right syntax to use near ')' at line 1
 [ SQL语句 ] : UPDATE `huawei_product` SET `host_id`='2' WHERE ( product_id= )

[ 2016-11-09T19:31:49+08:00 ] ::1 /huawei/index.php/Admin/Product/hotSale
INFO: [ app_begin ] --START--
INFO: Run Behavior\ReadHtmlCacheBehavior [ RunTime:0.000696s ]
INFO: [ app_begin ] --END-- [ RunTime:0.001243s ]
SQL: SHOW COLUMNS FROM `huawei_product` [ RunTime:0.0035s ]
ERR: 1064:You have an error in your SQL syntax; check the manual that corresponds to your MariaDB server version for the right syntax to use near ')' at line 1
 [ SQL语句 ] : UPDATE `huawei_product` SET `host_id`='2' WHERE ( product_id= )
ERR: 1064:You have an error in your SQL syntax; check the manual that corresponds to your MariaDB server version for the right syntax to use near ')' at line 1
 [ SQL语句 ] : UPDATE `huawei_product` SET `host_id`='2' WHERE ( product_id= )

[ 2016-11-09T19:31:53+08:00 ] ::1 /huawei/index.php/Admin/Product/host
INFO: [ app_begin ] --START--
INFO: Run Behavior\ReadHtmlCacheBehavior [ RunTime:0.000507s ]
INFO: [ app_begin ] --END-- [ RunTime:0.000880s ]
SQL: SHOW COLUMNS FROM `huawei_product` [ RunTime:0.0033s ]
ERR: 1064:You have an error in your SQL syntax; check the manual that corresponds to your MariaDB server version for the right syntax to use near ')' at line 1
 [ SQL语句 ] : UPDATE `huawei_product` SET `host_id`='1' WHERE ( product_id= )
ERR: 1064:You have an error in your SQL syntax; check the manual that corresponds to your MariaDB server version for the right syntax to use near ')' at line 1
 [ SQL语句 ] : UPDATE `huawei_product` SET `host_id`='1' WHERE ( product_id= )

[ 2016-11-09T19:31:54+08:00 ] ::1 /huawei/index.php/Admin/Product/hotSale
INFO: [ app_begin ] --START--
INFO: Run Behavior\ReadHtmlCacheBehavior [ RunTime:0.000798s ]
INFO: [ app_begin ] --END-- [ RunTime:0.001180s ]
SQL: SHOW COLUMNS FROM `huawei_product` [ RunTime:0.0033s ]
ERR: 1064:You have an error in your SQL syntax; check the manual that corresponds to your MariaDB server version for the right syntax to use near ')' at line 1
 [ SQL语句 ] : UPDATE `huawei_product` SET `host_id`='2' WHERE ( product_id= )
ERR: 1064:You have an error in your SQL syntax; check the manual that corresponds to your MariaDB server version for the right syntax to use near ')' at line 1
 [ SQL语句 ] : UPDATE `huawei_product` SET `host_id`='2' WHERE ( product_id= )

[ 2016-11-09T19:31:55+08:00 ] ::1 /huawei/index.php/Admin/Product/hotSale
INFO: [ app_begin ] --START--
INFO: Run Behavior\ReadHtmlCacheBehavior [ RunTime:0.000525s ]
INFO: [ app_begin ] --END-- [ RunTime:0.000925s ]
SQL: SHOW COLUMNS FROM `huawei_product` [ RunTime:0.0042s ]
ERR: 1064:You have an error in your SQL syntax; check the manual that corresponds to your MariaDB server version for the right syntax to use near ')' at line 1
 [ SQL语句 ] : UPDATE `huawei_product` SET `host_id`='2' WHERE ( product_id= )
ERR: 1064:You have an error in your SQL syntax; check the manual that corresponds to your MariaDB server version for the right syntax to use near ')' at line 1
 [ SQL语句 ] : UPDATE `huawei_product` SET `host_id`='2' WHERE ( product_id= )

[ 2016-11-09T19:33:05+08:00 ] ::1 /huawei/index.php/Admin/Product/hotSale
INFO: [ app_begin ] --START--
INFO: Run Behavior\ReadHtmlCacheBehavior [ RunTime:0.000928s ]
INFO: [ app_begin ] --END-- [ RunTime:0.001445s ]
SQL: SHOW COLUMNS FROM `huawei_product` [ RunTime:0.0083s ]
ERR: 1064:You have an error in your SQL syntax; check the manual that corresponds to your MariaDB server version for the right syntax to use near ')' at line 1
 [ SQL语句 ] : UPDATE `huawei_product` SET `host_id`='2' WHERE ( product_id= )
ERR: 1064:You have an error in your SQL syntax; check the manual that corresponds to your MariaDB server version for the right syntax to use near ')' at line 1
 [ SQL语句 ] : UPDATE `huawei_product` SET `host_id`='2' WHERE ( product_id= )

[ 2016-11-09T19:38:53+08:00 ] ::1 /huawei/index.php/Admin/Product/hotSale
INFO: [ app_begin ] --START--
INFO: Run Behavior\ReadHtmlCacheBehavior [ RunTime:0.000519s ]
INFO: [ app_begin ] --END-- [ RunTime:0.000903s ]
SQL: SHOW COLUMNS FROM `huawei_product` [ RunTime:0.0035s ]
SQL: UPDATE `huawei_product` SET `host_id`='2' WHERE ( product_id=15 ) [ RunTime:0.0451s ]
INFO: [ app_end ] --START--
INFO: Run Behavior\ShowPageTraceBehavior [ RunTime:0.001719s ]
INFO: [ app_end ] --END-- [ RunTime:0.001840s ]

[ 2016-11-09T19:50:02+08:00 ] ::1 /huawei/index.php/Admin/Product/hotSale
INFO: [ app_begin ] --START--
INFO: Run Behavior\ReadHtmlCacheBehavior [ RunTime:0.000726s ]
INFO: [ app_begin ] --END-- [ RunTime:0.001174s ]
SQL: SHOW COLUMNS FROM `huawei_product` [ RunTime:0.0032s ]
SQL: UPDATE `huawei_product` SET `host_id`='2' WHERE ( product_id=16 ) [ RunTime:0.0357s ]
INFO: [ app_end ] --START--
INFO: Run Behavior\ShowPageTraceBehavior [ RunTime:0.001055s ]
INFO: [ app_end ] --END-- [ RunTime:0.001113s ]

[ 2016-11-09T21:51:04+08:00 ] ::1 /huawei/index.php/Admin/Product/hotSale
INFO: [ app_begin ] --START--
INFO: Run Behavior\ReadHtmlCacheBehavior [ RunTime:0.002637s ]
INFO: [ app_begin ] --END-- [ RunTime:0.003927s ]
SQL: SHOW COLUMNS FROM `huawei_product` [ RunTime:0.0076s ]
SQL: UPDATE `huawei_product` SET `host_id`='2' WHERE ( product_id=17 ) [ RunTime:0.0441s ]
INFO: [ app_end ] --START--
INFO: Run Behavior\ShowPageTraceBehavior [ RunTime:0.002470s ]
INFO: [ app_end ] --END-- [ RunTime:0.002582s ]

[ 2016-11-09T21:51:05+08:00 ] ::1 /huawei/index.php/Admin/Product/hotSale
INFO: [ app_begin ] --START--
INFO: Run Behavior\ReadHtmlCacheBehavior [ RunTime:0.002150s ]
INFO: [ app_begin ] --END-- [ RunTime:0.003409s ]
SQL: SHOW COLUMNS FROM `huawei_product` [ RunTime:0.0085s ]
SQL: UPDATE `huawei_product` SET `host_id`='2' WHERE ( product_id=18 ) [ RunTime:0.0500s ]
INFO: [ app_end ] --START--
INFO: Run Behavior\ShowPageTraceBehavior [ RunTime:0.002099s ]
INFO: [ app_end ] --END-- [ RunTime:0.002216s ]

[ 2016-11-09T21:51:06+08:00 ] ::1 /huawei/index.php/Admin/Product/hotSale
INFO: [ app_begin ] --START--
INFO: Run Behavior\ReadHtmlCacheBehavior [ RunTime:0.002417s ]
INFO: [ app_begin ] --END-- [ RunTime:0.003799s ]
SQL: SHOW COLUMNS FROM `huawei_product` [ RunTime:0.0067s ]
SQL: UPDATE `huawei_product` SET `host_id`='2' WHERE ( product_id=19 ) [ RunTime:0.1601s ]
INFO: [ app_end ] --START--
INFO: Run Behavior\ShowPageTraceBehavior [ RunTime:0.001284s ]
INFO: [ app_end ] --END-- [ RunTime:0.001389s ]

[ 2016-11-09T21:51:09+08:00 ] ::1 /huawei/index.php/Admin/Product/hotSale
INFO: [ app_begin ] --START--
INFO: Run Behavior\ReadHtmlCacheBehavior [ RunTime:0.001928s ]
INFO: [ app_begin ] --END-- [ RunTime:0.003052s ]
SQL: SHOW COLUMNS FROM `huawei_product` [ RunTime:0.0088s ]
SQL: UPDATE `huawei_product` SET `host_id`='2' WHERE ( product_id=20 ) [ RunTime:0.0739s ]
INFO: [ app_end ] --START--
INFO: Run Behavior\ShowPageTraceBehavior [ RunTime:0.001505s ]
INFO: [ app_end ] --END-- [ RunTime:0.001634s ]

[ 2016-11-09T21:51:10+08:00 ] ::1 /huawei/index.php/Admin/Product/hotSale
INFO: [ app_begin ] --START--
INFO: Run Behavior\ReadHtmlCacheBehavior [ RunTime:0.002104s ]
INFO: [ app_begin ] --END-- [ RunTime:0.003245s ]
SQL: SHOW COLUMNS FROM `huawei_product` [ RunTime:0.0155s ]
SQL: UPDATE `huawei_product` SET `host_id`='2' WHERE ( product_id=21 ) [ RunTime:0.1000s ]
INFO: [ app_end ] --START--
INFO: Run Behavior\ShowPageTraceBehavior [ RunTime:0.002027s ]
INFO: [ app_end ] --END-- [ RunTime:0.002150s ]

[ 2016-11-09T21:51:11+08:00 ] ::1 /huawei/index.php/Admin/Product/hotSale
INFO: [ app_begin ] --START--
INFO: Run Behavior\ReadHtmlCacheBehavior [ RunTime:0.001836s ]
INFO: [ app_begin ] --END-- [ RunTime:0.003198s ]
SQL: SHOW COLUMNS FROM `huawei_product` [ RunTime:0.0095s ]
SQL: UPDATE `huawei_product` SET `host_id`='2' WHERE ( product_id=22 ) [ RunTime:0.0462s ]
INFO: [ app_end ] --START--
INFO: Run Behavior\ShowPageTraceBehavior [ RunTime:0.001734s ]
INFO: [ app_end ] --END-- [ RunTime:0.001875s ]

[ 2016-11-09T21:51:13+08:00 ] ::1 /huawei/index.php/Admin/Product/hotSale
INFO: [ app_begin ] --START--
INFO: Run Behavior\ReadHtmlCacheBehavior [ RunTime:0.002015s ]
INFO: [ app_begin ] --END-- [ RunTime:0.003212s ]
SQL: SHOW COLUMNS FROM `huawei_product` [ RunTime:0.0093s ]
SQL: UPDATE `huawei_product` SET `host_id`='2' WHERE ( product_id=23 ) [ RunTime:0.0416s ]
INFO: [ app_end ] --START--
INFO: Run Behavior\ShowPageTraceBehavior [ RunTime:0.001643s ]
INFO: [ app_end ] --END-- [ RunTime:0.001772s ]

[ 2016-11-09T21:51:14+08:00 ] ::1 /huawei/index.php/Admin/Product/hotSale
INFO: [ app_begin ] --START--
INFO: Run Behavior\ReadHtmlCacheBehavior [ RunTime:0.001753s ]
INFO: [ app_begin ] --END-- [ RunTime:0.002824s ]
SQL: SHOW COLUMNS FROM `huawei_product` [ RunTime:0.0093s ]
SQL: UPDATE `huawei_product` SET `host_id`='2' WHERE ( product_id=24 ) [ RunTime:0.0426s ]
INFO: [ app_end ] --START--
INFO: Run Behavior\ShowPageTraceBehavior [ RunTime:0.001598s ]
INFO: [ app_end ] --END-- [ RunTime:0.001732s ]

[ 2016-11-09T21:51:19+08:00 ] ::1 /huawei/index.php/Admin/Product/hotSale
INFO: [ app_begin ] --START--
INFO: Run Behavior\ReadHtmlCacheBehavior [ RunTime:0.002176s ]
INFO: [ app_begin ] --END-- [ RunTime:0.003090s ]
SQL: SHOW COLUMNS FROM `huawei_product` [ RunTime:0.0094s ]
SQL: UPDATE `huawei_product` SET `host_id`='2' WHERE ( product_id=24 ) [ RunTime:0.0006s ]
INFO: [ app_end ] --START--
INFO: Run Behavior\ShowPageTraceBehavior [ RunTime:0.001974s ]
INFO: [ app_end ] --END-- [ RunTime:0.002088s ]

