[ 2016-11-10T09:02:00+08:00 ] ::1 /huawei/Public/Home/libs//jquery-1.11.1.js
ERR: 无法加载模块:Public

[ 2016-11-10T09:02:00+08:00 ] ::1 /huawei/Public/Home/image//h1.jpg
ERR: 无法加载模块:Public

[ 2016-11-10T09:02:00+08:00 ] ::1 /huawei/Public/Home/image//h2.jpg
ERR: 无法加载模块:Public

[ 2016-11-10T09:02:00+08:00 ] ::1 /huawei/Public/Home/image//h4.jpg
ERR: 无法加载模块:Public

[ 2016-11-10T09:02:00+08:00 ] ::1 /huawei/Public/Home/image//hor1.jpg
ERR: 无法加载模块:Public

[ 2016-11-10T09:02:00+08:00 ] ::1 /huawei/Public/Home/image//hor2.jpg
ERR: 无法加载模块:Public

[ 2016-11-10T09:02:00+08:00 ] ::1 /huawei/Public/Home/image//h3.jpg
ERR: 无法加载模块:Public

[ 2016-11-10T09:02:00+08:00 ] ::1 /huawei/Public/Home/image//hor3.jpg
ERR: 无法加载模块:Public

[ 2016-11-10T09:02:01+08:00 ] ::1 /huawei/Public/Home/image//new.jpg
ERR: 无法加载模块:Public

[ 2016-11-10T09:02:01+08:00 ] ::1 /huawei/Public/Home/image//7i.png
ERR: 无法加载模块:Public

[ 2016-11-10T09:02:44+08:00 ] ::1 /huawei/Public/Home/libs//jquery-1.11.1.js
ERR: 无法加载模块:Public

[ 2016-11-10T09:02:45+08:00 ] ::1 /huawei/Public/Home/image//h1.jpg
ERR: 无法加载模块:Public

[ 2016-11-10T09:02:45+08:00 ] ::1 /huawei/Public/Home/image//h4.jpg
ERR: 无法加载模块:Public

[ 2016-11-10T09:02:45+08:00 ] ::1 /huawei/Public/Home/image//hor1.jpg
ERR: 无法加载模块:Public

[ 2016-11-10T09:02:45+08:00 ] ::1 /huawei/Public/Home/image//h2.jpg
ERR: 无法加载模块:Public

[ 2016-11-10T09:02:45+08:00 ] ::1 /huawei/Public/Home/image//hor2.jpg
ERR: 无法加载模块:Public

[ 2016-11-10T09:02:45+08:00 ] ::1 /huawei/Public/Home/image//new.jpg
ERR: 无法加载模块:Public

[ 2016-11-10T09:02:45+08:00 ] ::1 /huawei/Public/Home/image//hor3.jpg
ERR: 无法加载模块:Public

[ 2016-11-10T09:02:45+08:00 ] ::1 /huawei/Public/Home/image//h3.jpg
ERR: 无法加载模块:Public

[ 2016-11-10T09:05:40+08:00 ] ::1 /huawei/Public/Home/libs//jquery-1.11.1.js
ERR: 无法加载模块:Public

[ 2016-11-10T09:05:40+08:00 ] ::1 /huawei/Public/Home/image//h1.jpg
ERR: 无法加载模块:Public

[ 2016-11-10T09:05:40+08:00 ] ::1 /huawei/Public/Home/image//hor1.jpg
ERR: 无法加载模块:Public

[ 2016-11-10T09:05:40+08:00 ] ::1 /huawei/Public/Home/image//h3.jpg
ERR: 无法加载模块:Public

[ 2016-11-10T09:05:40+08:00 ] ::1 /huawei/Public/Home/image//h2.jpg
ERR: 无法加载模块:Public

[ 2016-11-10T09:05:40+08:00 ] ::1 /huawei/Public/Home/image//h4.jpg
ERR: 无法加载模块:Public

[ 2016-11-10T09:05:40+08:00 ] ::1 /huawei/Public/Home/image//hor2.jpg
ERR: 无法加载模块:Public

[ 2016-11-10T09:05:40+08:00 ] ::1 /huawei/Public/Home/image//hor3.jpg
ERR: 无法加载模块:Public

[ 2016-11-10T09:05:40+08:00 ] ::1 /huawei/Public/Home/image//7i.png
ERR: 无法加载模块:Public

[ 2016-11-10T09:05:40+08:00 ] ::1 /huawei/Public/Home/image//new.jpg
ERR: 无法加载模块:Public

[ 2016-11-10T09:05:40+08:00 ] ::1 /huawei/Public/Home/css/images/cart.png
ERR: 无法加载模块:Public

[ 2016-11-10T09:05:40+08:00 ] ::1 /huawei/Public/Home/css/images/icon14.png
ERR: 无法加载模块:Public

[ 2016-11-10T09:05:49+08:00 ] ::1 /huawei/Public/Home/css/images/cart1.png
ERR: 无法加载模块:Public

[ 2016-11-10T09:08:44+08:00 ] ::1 /huawei/Public/Home/libs//jquery-1.11.1.js
ERR: 无法加载模块:Public

[ 2016-11-10T09:08:44+08:00 ] ::1 /huawei/Public/Home/image//h2.jpg
ERR: 无法加载模块:Public

[ 2016-11-10T09:08:44+08:00 ] ::1 /huawei/Public/Home/image//h4.jpg
ERR: 无法加载模块:Public

[ 2016-11-10T09:08:44+08:00 ] ::1 /huawei/Public/Home/image//h3.jpg
ERR: 无法加载模块:Public

[ 2016-11-10T09:08:44+08:00 ] ::1 /huawei/Public/Home/image//h1.jpg
ERR: 无法加载模块:Public

[ 2016-11-10T09:08:44+08:00 ] ::1 /huawei/Public/Home/image//hor2.jpg
ERR: 无法加载模块:Public

[ 2016-11-10T09:08:44+08:00 ] ::1 /huawei/Public/Home/image//7i.png
ERR: 无法加载模块:Public

[ 2016-11-10T09:08:44+08:00 ] ::1 /huawei/Public/Home/image//hor3.jpg
ERR: 无法加载模块:Public

[ 2016-11-10T09:08:44+08:00 ] ::1 /huawei/Public/Home/image//hor1.jpg
ERR: 无法加载模块:Public

[ 2016-11-10T09:08:44+08:00 ] ::1 /huawei/Public/Home/image//new.jpg
ERR: 无法加载模块:Public

[ 2016-11-10T09:08:45+08:00 ] ::1 /huawei/Public/Home/libs//jquery-1.11.1.js
ERR: 无法加载模块:Public

[ 2016-11-10T09:08:45+08:00 ] ::1 /huawei/Public/Home/image//h4.jpg
ERR: 无法加载模块:Public

[ 2016-11-10T09:08:45+08:00 ] ::1 /huawei/Public/Home/image//h1.jpg
ERR: 无法加载模块:Public

[ 2016-11-10T09:08:45+08:00 ] ::1 /huawei/Public/Home/image//hor1.jpg
ERR: 无法加载模块:Public

[ 2016-11-10T09:08:45+08:00 ] ::1 /huawei/Public/Home/image//h3.jpg
ERR: 无法加载模块:Public

[ 2016-11-10T09:08:45+08:00 ] ::1 /huawei/Public/Home/image//h2.jpg
ERR: 无法加载模块:Public

[ 2016-11-10T09:08:45+08:00 ] ::1 /huawei/Public/Home/image//hor2.jpg
ERR: 无法加载模块:Public

[ 2016-11-10T09:08:45+08:00 ] ::1 /huawei/Public/Home/image//7i.png
ERR: 无法加载模块:Public

[ 2016-11-10T09:08:45+08:00 ] ::1 /huawei/Public/Home/image//hor3.jpg
ERR: 无法加载模块:Public

[ 2016-11-10T09:08:45+08:00 ] ::1 /huawei/Public/Home/image//new.jpg
ERR: 无法加载模块:Public

[ 2016-11-10T09:09:45+08:00 ] ::1 /huawei/Public/Home/libs//jquery-1.11.1.js
ERR: 无法加载模块:Public

[ 2016-11-10T09:09:45+08:00 ] ::1 /huawei/Public/Home/css/images/bg31.png
ERR: 无法加载模块:Public

[ 2016-11-10T09:10:18+08:00 ] ::1 /huawei/Public/Home/libs//jquery-1.11.1.js
ERR: 无法加载模块:Public

[ 2016-11-10T09:10:18+08:00 ] ::1 /huawei/Public/Home/libs//jquery-1.11.1.js
ERR: 无法加载模块:Public

[ 2016-11-10T09:10:40+08:00 ] ::1 /huawei/Public/Home/libs//jquery-1.11.1.js
ERR: 无法加载模块:Public

[ 2016-11-10T09:10:53+08:00 ] ::1 /huawei/Public/Home/libs//jquery-1.11.1.js
ERR: 无法加载模块:Public

[ 2016-11-10T09:11:38+08:00 ] ::1 /huawei/Public/Home/libs//jquery-1.11.1.js
ERR: 无法加载模块:Public

[ 2016-11-10T09:11:39+08:00 ] ::1 /huawei/Public/Home/libs//jquery-1.11.1.js
ERR: 无法加载模块:Public

[ 2016-11-10T09:11:39+08:00 ] ::1 /huawei/Public/Home/libs//jquery-1.11.1.js
ERR: 无法加载模块:Public

[ 2016-11-10T09:11:39+08:00 ] ::1 /huawei/Public/Home/libs//jquery-1.11.1.js
ERR: 无法加载模块:Public

[ 2016-11-10T09:11:39+08:00 ] ::1 /huawei/Public/Home/libs//jquery-1.11.1.js
ERR: 无法加载模块:Public

[ 2016-11-10T09:13:14+08:00 ] ::1 /huawei/Public/Home/libs//jquery-1.11.1.js
ERR: 无法加载模块:Public

[ 2016-11-10T09:13:14+08:00 ] ::1 /huawei/Public/Home/css/image/bg31.png
ERR: 无法加载模块:Public

[ 2016-11-10T09:13:15+08:00 ] ::1 /huawei/Public/Home/libs//jquery-1.11.1.js
ERR: 无法加载模块:Public

[ 2016-11-10T09:13:15+08:00 ] ::1 /huawei/Public/Home/libs//jquery-1.11.1.js
ERR: 无法加载模块:Public

[ 2016-11-10T09:13:15+08:00 ] ::1 /huawei/Public/Home/libs//jquery-1.11.1.js
ERR: 无法加载模块:Public

[ 2016-11-10T09:13:15+08:00 ] ::1 /huawei/Public/Home/libs//jquery-1.11.1.js
ERR: 无法加载模块:Public

[ 2016-11-10T09:13:15+08:00 ] ::1 /huawei/Public/Home/libs//jquery-1.11.1.js
ERR: 无法加载模块:Public

[ 2016-11-10T09:13:16+08:00 ] ::1 /huawei/Public/Home/libs//jquery-1.11.1.js
ERR: 无法加载模块:Public

[ 2016-11-10T09:13:16+08:00 ] ::1 /huawei/Public/Home/libs//jquery-1.11.1.js
ERR: 无法加载模块:Public

[ 2016-11-10T09:13:51+08:00 ] ::1 /huawei/Public/Home/libs//jquery-1.11.1.js
ERR: 无法加载模块:Public

[ 2016-11-10T09:13:52+08:00 ] ::1 /huawei/Public/Home/css/image/bg31.png
ERR: 无法加载模块:Public

[ 2016-11-10T09:13:52+08:00 ] ::1 /huawei/Public/Home/libs//jquery-1.11.1.js
ERR: 无法加载模块:Public

[ 2016-11-10T09:13:52+08:00 ] ::1 /huawei/Public/Home/libs//jquery-1.11.1.js
ERR: 无法加载模块:Public

[ 2016-11-10T09:13:52+08:00 ] ::1 /huawei/Public/Home/libs//jquery-1.11.1.js
ERR: 无法加载模块:Public

[ 2016-11-10T09:13:53+08:00 ] ::1 /huawei/Public/Home/libs//jquery-1.11.1.js
ERR: 无法加载模块:Public

[ 2016-11-10T09:16:10+08:00 ] ::1 /huawei/Public/Home/css/image/bg31.png
ERR: 无法加载模块:Public

[ 2016-11-10T09:16:59+08:00 ] ::1 /huawei/Public/Home/css/images/bg31.png
ERR: 无法加载模块:Public

[ 2016-11-10T09:17:45+08:00 ] ::1 /huawei/Public/Home/libs//jquery-1.11.1.js
ERR: 无法加载模块:Public

[ 2016-11-10T09:17:45+08:00 ] ::1 /huawei/Public/Home/image//h1.jpg
ERR: 无法加载模块:Public

[ 2016-11-10T09:17:46+08:00 ] ::1 /huawei/Public/Home/image//h2.jpg
ERR: 无法加载模块:Public

[ 2016-11-10T09:17:46+08:00 ] ::1 /huawei/Public/Home/image//hor3.jpg
ERR: 无法加载模块:Public

[ 2016-11-10T09:17:46+08:00 ] ::1 /huawei/Public/Home/image//hor1.jpg
ERR: 无法加载模块:Public

[ 2016-11-10T09:17:46+08:00 ] ::1 /huawei/Public/Home/image//h4.jpg
ERR: 无法加载模块:Public

[ 2016-11-10T09:17:46+08:00 ] ::1 /huawei/Public/Home/image//h3.jpg
ERR: 无法加载模块:Public

[ 2016-11-10T09:17:46+08:00 ] ::1 /huawei/Public/Home/image//hor2.jpg
ERR: 无法加载模块:Public

[ 2016-11-10T09:17:46+08:00 ] ::1 /huawei/Public/Home/image//new.jpg
ERR: 无法加载模块:Public

[ 2016-11-10T09:17:46+08:00 ] ::1 /huawei/Public/Home/image//7i.png
ERR: 无法加载模块:Public

[ 2016-11-10T09:18:54+08:00 ] ::1 /huawei/Public/Home/image//h2.jpg
ERR: 无法加载模块:Public

[ 2016-11-10T09:18:54+08:00 ] ::1 /huawei/Public/Home/image//h3.jpg
ERR: 无法加载模块:Public

[ 2016-11-10T09:18:54+08:00 ] ::1 /huawei/Public/Home/image//h1.jpg
ERR: 无法加载模块:Public

[ 2016-11-10T09:18:54+08:00 ] ::1 /huawei/Public/Home/image//hor2.jpg
ERR: 无法加载模块:Public

[ 2016-11-10T09:18:54+08:00 ] ::1 /huawei/Public/Home/image//hor3.jpg
ERR: 无法加载模块:Public

[ 2016-11-10T09:18:54+08:00 ] ::1 /huawei/Public/Home/image//h4.jpg
ERR: 无法加载模块:Public

[ 2016-11-10T09:18:54+08:00 ] ::1 /huawei/Public/Home/image//7i.png
ERR: 无法加载模块:Public

[ 2016-11-10T09:18:54+08:00 ] ::1 /huawei/Public/Home/image//hor1.jpg
ERR: 无法加载模块:Public

[ 2016-11-10T09:18:54+08:00 ] ::1 /huawei/Public/Home/image//new.jpg
ERR: 无法加载模块:Public

[ 2016-11-10T09:18:54+08:00 ] ::1 /huawei/Public/Home/image//h1.jpg
ERR: 无法加载模块:Public

[ 2016-11-10T09:18:54+08:00 ] ::1 /huawei/Public/Home/image//h2.jpg
ERR: 无法加载模块:Public

[ 2016-11-10T09:18:54+08:00 ] ::1 /huawei/Public/Home/image//h3.jpg
ERR: 无法加载模块:Public

[ 2016-11-10T09:18:54+08:00 ] ::1 /huawei/Public/Home/image//hor2.jpg
ERR: 无法加载模块:Public

[ 2016-11-10T09:23:37+08:00 ] ::1 /huawei/Public/Home/image//h1.jpg
ERR: 无法加载模块:Public

[ 2016-11-10T09:23:37+08:00 ] ::1 /huawei/Public/Home/image//hor3.jpg
ERR: 无法加载模块:Public

[ 2016-11-10T09:23:37+08:00 ] ::1 /huawei/Public/Home/image//hor1.jpg
ERR: 无法加载模块:Public

[ 2016-11-10T09:23:37+08:00 ] ::1 /huawei/Public/Home/image//h4.jpg
ERR: 无法加载模块:Public

[ 2016-11-10T09:23:37+08:00 ] ::1 /huawei/Public/Home/image//h2.jpg
ERR: 无法加载模块:Public

[ 2016-11-10T09:23:37+08:00 ] ::1 /huawei/Public/Home/image//hor2.jpg
ERR: 无法加载模块:Public

[ 2016-11-10T09:23:37+08:00 ] ::1 /huawei/Public/Home/image//new.jpg
ERR: 无法加载模块:Public

[ 2016-11-10T09:23:37+08:00 ] ::1 /huawei/Public/Home/image//h3.jpg
ERR: 无法加载模块:Public

[ 2016-11-10T09:23:37+08:00 ] ::1 /huawei/Public/Home/image//7i.png
ERR: 无法加载模块:Public

[ 2016-11-10T09:37:00+08:00 ] ::1 /huawei/Public/Home/image//h3.jpg
ERR: 无法加载模块:Public

[ 2016-11-10T09:37:00+08:00 ] ::1 /huawei/Public/Home/image//hor2.jpg
ERR: 无法加载模块:Public

[ 2016-11-10T09:37:00+08:00 ] ::1 /huawei/Public/Home/image//hor3.jpg
ERR: 无法加载模块:Public

[ 2016-11-10T09:37:00+08:00 ] ::1 /huawei/Public/Home/image//h2.jpg
ERR: 无法加载模块:Public

[ 2016-11-10T09:37:00+08:00 ] ::1 /huawei/Public/Home/image//hor1.jpg
ERR: 无法加载模块:Public

[ 2016-11-10T09:37:00+08:00 ] ::1 /huawei/Public/Home/image//h4.jpg
ERR: 无法加载模块:Public

[ 2016-11-10T09:37:00+08:00 ] ::1 /huawei/Public/Home/image//new.jpg
ERR: 无法加载模块:Public

[ 2016-11-10T09:37:00+08:00 ] ::1 /huawei/Public/Home/image//7i.png
ERR: 无法加载模块:Public

[ 2016-11-10T09:37:01+08:00 ] ::1 /huawei/Public/Home/image//h3.jpg
ERR: 无法加载模块:Public


[ 2016-11-10T09:37:01+08:00 ] ::1 /huawei/Public/Home/image//h2.jpg
ERR: 无法加载模块:Public

[ 2016-11-10T09:37:01+08:00 ] ::1 /huawei/Public/Home/image//hor2.jpg
ERR: 无法加载模块:Public

[ 2016-11-10T09:37:01+08:00 ] ::1 /huawei/Public/Home/image//hor1.jpg
ERR: 无法加载模块:Public

[ 2016-11-10T09:37:01+08:00 ] ::1 /huawei/Public/Home/image//h4.jpg
ERR: 无法加载模块:Public

[ 2016-11-10T09:37:01+08:00 ] ::1 /huawei/Public/Home/image//new.jpg
ERR: 无法加载模块:Public

[ 2016-11-10T09:37:01+08:00 ] ::1 /huawei/Public/Home/image//7i.png
ERR: 无法加载模块:Public

[ 2016-11-10T09:37:13+08:00 ] ::1 /huawei/Public/Home/image//h4.jpg
ERR: 无法加载模块:Public

[ 2016-11-10T09:37:13+08:00 ] ::1 /huawei/Public/Home/image//h3.jpg
ERR: 无法加载模块:Public

[ 2016-11-10T09:37:13+08:00 ] ::1 /huawei/Public/Home/image//h2.jpg
ERR: 无法加载模块:Public

[ 2016-11-10T09:37:13+08:00 ] ::1 /huawei/Public/Home/image//hor1.jpg
ERR: 无法加载模块:Public

[ 2016-11-10T09:37:13+08:00 ] ::1 /huawei/Public/Home/image//hor3.jpg
ERR: 无法加载模块:Public

[ 2016-11-10T09:37:13+08:00 ] ::1 /huawei/Public/Home/image//new.jpg
ERR: 无法加载模块:Public

[ 2016-11-10T09:37:13+08:00 ] ::1 /huawei/Public/Home/image//hor2.jpg
ERR: 无法加载模块:Public

[ 2016-11-10T09:37:13+08:00 ] ::1 /huawei/Public/Home/image//7i.png
ERR: 无法加载模块:Public

[ 2016-11-10T09:37:13+08:00 ] ::1 /huawei/Public/Home/image//h2.jpg
ERR: 无法加载模块:Public

[ 2016-11-10T09:37:13+08:00 ] ::1 /huawei/Public/Home/image//h3.jpg
ERR: 无法加载模块:Public

[ 2016-11-10T09:37:13+08:00 ] ::1 /huawei/Public/Home/image//h4.jpg
ERR: 无法加载模块:Public

[ 2016-11-10T09:37:14+08:00 ] ::1 /huawei/Public/Home/image//h2.jpg
ERR: 无法加载模块:Public

[ 2016-11-10T09:37:14+08:00 ] ::1 /huawei/Public/Home/image//new.jpg
ERR: 无法加载模块:Public

[ 2016-11-10T09:37:14+08:00 ] ::1 /huawei/Public/Home/image//hor2.jpg
ERR: 无法加载模块:Public

[ 2016-11-10T09:37:14+08:00 ] ::1 /huawei/Public/Home/image//hor1.jpg
ERR: 无法加载模块:Public

[ 2016-11-10T09:37:14+08:00 ] ::1 /huawei/Public/Home/image//h3.jpg
ERR: 无法加载模块:Public

[ 2016-11-10T09:37:14+08:00 ] ::1 /huawei/Public/Home/image//hor3.jpg
ERR: 无法加载模块:Public

[ 2016-11-10T09:37:14+08:00 ] ::1 /huawei/Public/Home/image//7i.png
ERR: 无法加载模块:Public

[ 2016-11-10T09:37:14+08:00 ] ::1 /huawei/Public/Home/image//h4.jpg
ERR: 无法加载模块:Public

[ 2016-11-10T09:37:14+08:00 ] ::1 /huawei/Public/Home/image//h4.jpg
ERR: 无法加载模块:Public

[ 2016-11-10T09:37:14+08:00 ] ::1 /huawei/Public/Home/image//hor1.jpg
ERR: 无法加载模块:Public

[ 2016-11-10T09:37:14+08:00 ] ::1 /huawei/Public/Home/image//hor3.jpg
ERR: 无法加载模块:Public

[ 2016-11-10T09:37:14+08:00 ] ::1 /huawei/Public/Home/image//h2.jpg
ERR: 无法加载模块:Public

[ 2016-11-10T09:37:14+08:00 ] ::1 /huawei/Public/Home/image//new.jpg
ERR: 无法加载模块:Public

[ 2016-11-10T09:37:14+08:00 ] ::1 /huawei/Public/Home/image//hor2.jpg
ERR: 无法加载模块:Public

[ 2016-11-10T09:37:14+08:00 ] ::1 /huawei/Public/Home/image//h3.jpg
ERR: 无法加载模块:Public

[ 2016-11-10T09:37:14+08:00 ] ::1 /huawei/Public/Home/image//7i.png
ERR: 无法加载模块:Public

[ 2016-11-10T09:40:30+08:00 ] ::1 /huawei/Public/Home/image//hor3.jpg
ERR: 无法加载模块:Public

[ 2016-11-10T09:40:30+08:00 ] ::1 /huawei/Public/Home/image//new.jpg
ERR: 无法加载模块:Public

[ 2016-11-10T09:40:30+08:00 ] ::1 /huawei/Public/Home/image//hor1.jpg
ERR: 无法加载模块:Public

[ 2016-11-10T09:40:30+08:00 ] ::1 /huawei/Public/Home/image//7i.png
ERR: 无法加载模块:Public

[ 2016-11-10T09:40:30+08:00 ] ::1 /huawei/Public/Home/image//hor2.jpg
ERR: 无法加载模块:Public

[ 2016-11-10T09:40:31+08:00 ] ::1 /huawei/Public/Home/image//hor2.jpg
ERR: 无法加载模块:Public

[ 2016-11-10T09:40:31+08:00 ] ::1 /huawei/Public/Home/image//hor1.jpg
ERR: 无法加载模块:Public

[ 2016-11-10T09:40:31+08:00 ] ::1 /huawei/Public/Home/image//7i.png
ERR: 无法加载模块:Public

[ 2016-11-10T09:40:31+08:00 ] ::1 /huawei/Public/Home/image//hor3.jpg
ERR: 无法加载模块:Public

[ 2016-11-10T09:40:31+08:00 ] ::1 /huawei/Public/Home/image//new.jpg
ERR: 无法加载模块:Public

[ 2016-11-10T09:45:50+08:00 ] ::1 /huawei/Public/Home/image//hor2.jpg
ERR: 无法加载模块:Public

[ 2016-11-10T09:45:50+08:00 ] ::1 /huawei/Public/Home/image//new.jpg
ERR: 无法加载模块:Public

[ 2016-11-10T09:45:50+08:00 ] ::1 /huawei/Public/Home/image//hor1.jpg
ERR: 无法加载模块:Public

[ 2016-11-10T09:45:50+08:00 ] ::1 /huawei/Public/Home/image//7i.png
ERR: 无法加载模块:Public

[ 2016-11-10T09:45:50+08:00 ] ::1 /huawei/Public/Home/image//hor3.jpg
ERR: 无法加载模块:Public

[ 2016-11-10T09:46:10+08:00 ] ::1 /huawei/Public/Home/image//hor1.jpg
ERR: 无法加载模块:Public

[ 2016-11-10T09:46:10+08:00 ] ::1 /huawei/Public/Home/image//hor2.jpg
ERR: 无法加载模块:Public

[ 2016-11-10T09:46:10+08:00 ] ::1 /huawei/Public/Home/image//7i.png
ERR: 无法加载模块:Public

[ 2016-11-10T09:46:10+08:00 ] ::1 /huawei/Public/Home/image//new.jpg
ERR: 无法加载模块:Public

[ 2016-11-10T09:46:10+08:00 ] ::1 /huawei/Public/Home/image//hor3.jpg
ERR: 无法加载模块:Public

[ 2016-11-10T09:52:08+08:00 ] ::1 /huawei/Public/Home/image//hor3.jpg
ERR: 无法加载模块:Public

[ 2016-11-10T09:52:08+08:00 ] ::1 /huawei/Public/Home/image//hor1.jpg
ERR: 无法加载模块:Public

[ 2016-11-10T09:52:08+08:00 ] ::1 /huawei/Public/Home/image//7i.png
ERR: 无法加载模块:Public

[ 2016-11-10T09:52:08+08:00 ] ::1 /huawei/Public/Home/image//hor2.jpg
ERR: 无法加载模块:Public

[ 2016-11-10T09:53:42+08:00 ] ::1 /huawei/Public/Home/image//7i.png
ERR: 无法加载模块:Public

[ 2016-11-10T09:53:42+08:00 ] ::1 /huawei/Public/Home/image//hor2.jpg
ERR: 无法加载模块:Public

[ 2016-11-10T09:53:42+08:00 ] ::1 /huawei/Public/Home/image//hor3.jpg
ERR: 无法加载模块:Public

[ 2016-11-10T09:53:42+08:00 ] ::1 /huawei/Public/Home/image//hor1.jpg
ERR: 无法加载模块:Public

[ 2016-11-10T09:53:42+08:00 ] ::1 /huawei/Public/Home/image//new.jpg
ERR: 无法加载模块:Public

[ 2016-11-10T09:53:42+08:00 ] ::1 /huawei/Public/Home/image//hor3.jpg
ERR: 无法加载模块:Public

[ 2016-11-10T09:53:42+08:00 ] ::1 /huawei/Public/Home/image//7i.png
ERR: 无法加载模块:Public

[ 2016-11-10T09:53:42+08:00 ] ::1 /huawei/Public/Home/image//new.jpg
ERR: 无法加载模块:Public

[ 2016-11-10T09:53:42+08:00 ] ::1 /huawei/Public/Home/image//hor1.jpg
ERR: 无法加载模块:Public

[ 2016-11-10T09:53:42+08:00 ] ::1 /huawei/Public/Home/image//hor2.jpg
ERR: 无法加载模块:Public

[ 2016-11-10T09:53:43+08:00 ] ::1 /huawei/Public/Home/image//hor1.jpg
ERR: 无法加载模块:Public

[ 2016-11-10T09:53:43+08:00 ] ::1 /huawei/Public/Home/image//hor3.jpg
ERR: 无法加载模块:Public

[ 2016-11-10T09:53:43+08:00 ] ::1 /huawei/Public/Home/image//new.jpg
ERR: 无法加载模块:Public

[ 2016-11-10T09:53:43+08:00 ] ::1 /huawei/Public/Home/image//hor2.jpg
ERR: 无法加载模块:Public

[ 2016-11-10T09:53:43+08:00 ] ::1 /huawei/Public/Home/image//7i.png
ERR: 无法加载模块:Public

[ 2016-11-10T09:53:43+08:00 ] ::1 /huawei/Public/Home/image//hor3.jpg
ERR: 无法加载模块:Public

[ 2016-11-10T09:53:43+08:00 ] ::1 /huawei/Public/Home/image//hor1.jpg
ERR: 无法加载模块:Public

[ 2016-11-10T09:53:43+08:00 ] ::1 /huawei/Public/Home/image//new.jpg
ERR: 无法加载模块:Public

[ 2016-11-10T09:55:21+08:00 ] ::1 /huawei/Public/Home/image//hor2.jpg
ERR: 无法加载模块:Public

[ 2016-11-10T09:55:21+08:00 ] ::1 /huawei/Public/Home/image//7i.png
ERR: 无法加载模块:Public

[ 2016-11-10T09:55:21+08:00 ] ::1 /huawei/Public/Home/image//hor3.jpg
ERR: 无法加载模块:Public

[ 2016-11-10T09:55:21+08:00 ] ::1 /huawei/Public/Home/image//hor1.jpg
ERR: 无法加载模块:Public

[ 2016-11-10T09:55:21+08:00 ] ::1 /huawei/Public/Home/image//new.jpg
ERR: 无法加载模块:Public

[ 2016-11-10T09:55:21+08:00 ] ::1 /huawei/Public/Home/image//hor2.jpg
ERR: 无法加载模块:Public

[ 2016-11-10T09:55:21+08:00 ] ::1 /huawei/Public/Home/image//hor1.jpg
ERR: 无法加载模块:Public

[ 2016-11-10T09:55:21+08:00 ] ::1 /huawei/Public/Home/image//7i.png
ERR: 无法加载模块:Public

[ 2016-11-10T09:55:21+08:00 ] ::1 /huawei/Public/Home/image//hor2.jpg
ERR: 无法加载模块:Public

[ 2016-11-10T09:55:21+08:00 ] ::1 /huawei/Public/Home/image//hor3.jpg
ERR: 无法加载模块:Public

[ 2016-11-10T09:55:21+08:00 ] ::1 /huawei/Public/Home/image//new.jpg
ERR: 无法加载模块:Public

[ 2016-11-10T09:55:22+08:00 ] ::1 /huawei/Public/Home/image//hor2.jpg
ERR: 无法加载模块:Public

[ 2016-11-10T09:55:22+08:00 ] ::1 /huawei/Public/Home/image//hor3.jpg
ERR: 无法加载模块:Public

[ 2016-11-10T09:55:22+08:00 ] ::1 /huawei/Public/Home/image//new.jpg
ERR: 无法加载模块:Public

[ 2016-11-10T09:55:22+08:00 ] ::1 /huawei/Public/Home/image//hor1.jpg
ERR: 无法加载模块:Public

[ 2016-11-10T09:55:22+08:00 ] ::1 /huawei/Public/Home/image//7i.png
ERR: 无法加载模块:Public

[ 2016-11-10T09:55:22+08:00 ] ::1 /huawei/Public/Home/image//hor2.jpg
ERR: 无法加载模块:Public

[ 2016-11-10T09:55:22+08:00 ] ::1 /huawei/Public/Home/image//hor1.jpg
ERR: 无法加载模块:Public

[ 2016-11-10T09:55:22+08:00 ] ::1 /huawei/Public/Home/image//new.jpg
ERR: 无法加载模块:Public

[ 2016-11-10T09:55:22+08:00 ] ::1 /huawei/Public/Home/image//7i.png
ERR: 无法加载模块:Public

[ 2016-11-10T09:55:22+08:00 ] ::1 /huawei/Public/Home/image//hor3.jpg
ERR: 无法加载模块:Public

[ 2016-11-10T09:55:37+08:00 ] ::1 /huawei/Public/Home/image//hor2.jpg
ERR: 无法加载模块:Public

[ 2016-11-10T09:55:37+08:00 ] ::1 /huawei/Public/Home/image//hor3.jpg
ERR: 无法加载模块:Public

[ 2016-11-10T09:55:37+08:00 ] ::1 /huawei/Public/Home/image//hor1.jpg
ERR: 无法加载模块:Public

[ 2016-11-10T09:55:37+08:00 ] ::1 /huawei/Public/Home/image//new.jpg
ERR: 无法加载模块:Public

[ 2016-11-10T09:55:37+08:00 ] ::1 /huawei/Public/Home/image//7i.png
ERR: 无法加载模块:Public

[ 2016-11-10T09:55:38+08:00 ] ::1 /huawei/Public/Home/image//hor1.jpg
ERR: 无法加载模块:Public

[ 2016-11-10T09:55:38+08:00 ] ::1 /huawei/Public/Home/image//hor3.jpg
ERR: 无法加载模块:Public

[ 2016-11-10T09:55:38+08:00 ] ::1 /huawei/Public/Home/image//new.jpg
ERR: 无法加载模块:Public

[ 2016-11-10T09:55:38+08:00 ] ::1 /huawei/Public/Home/image//7i.png
ERR: 无法加载模块:Public

[ 2016-11-10T09:55:38+08:00 ] ::1 /huawei/Public/Home/image//hor2.jpg
ERR: 无法加载模块:Public

[ 2016-11-10T09:56:30+08:00 ] ::1 /huawei/Public/Home/image//new.jpg
ERR: 无法加载模块:Public

[ 2016-11-10T09:56:30+08:00 ] ::1 /huawei/Public/Home/image//7i.png
ERR: 无法加载模块:Public

[ 2016-11-10T09:56:30+08:00 ] ::1 /huawei/Public/Home/image//hor1.jpg
ERR: 无法加载模块:Public

[ 2016-11-10T09:56:30+08:00 ] ::1 /huawei/Public/Home/image//hor3.jpg
ERR: 无法加载模块:Public

[ 2016-11-10T09:56:30+08:00 ] ::1 /huawei/Public/Home/image//hor2.jpg
ERR: 无法加载模块:Public

[ 2016-11-10T09:56:30+08:00 ] ::1 /huawei/Public/Home/image//hor3.jpg
ERR: 无法加载模块:Public

[ 2016-11-10T09:56:30+08:00 ] ::1 /huawei/Public/Home/image//new.jpg
ERR: 无法加载模块:Public

[ 2016-11-10T09:56:30+08:00 ] ::1 /huawei/Public/Home/image//7i.png
ERR: 无法加载模块:Public

[ 2016-11-10T09:56:30+08:00 ] ::1 /huawei/Public/Home/image//hor1.jpg
ERR: 无法加载模块:Public

[ 2016-11-10T09:56:30+08:00 ] ::1 /huawei/Public/Home/image//hor2.jpg
ERR: 无法加载模块:Public

[ 2016-11-10T09:56:31+08:00 ] ::1 /huawei/Public/Home/image//hor2.jpg
ERR: 无法加载模块:Public

[ 2016-11-10T09:56:31+08:00 ] ::1 /huawei/Public/Home/image//7i.png
ERR: 无法加载模块:Public

[ 2016-11-10T09:56:31+08:00 ] ::1 /huawei/Public/Home/image//hor3.jpg
ERR: 无法加载模块:Public

[ 2016-11-10T09:56:31+08:00 ] ::1 /huawei/Public/Home/image//new.jpg
ERR: 无法加载模块:Public

[ 2016-11-10T09:56:31+08:00 ] ::1 /huawei/Public/Home/image//hor1.jpg
ERR: 无法加载模块:Public

[ 2016-11-10T09:56:54+08:00 ] ::1 /huawei/Public/Home/image//new.jpg
ERR: 无法加载模块:Public

[ 2016-11-10T09:56:55+08:00 ] ::1 /huawei/Public/Home/image//hor1.jpg
ERR: 无法加载模块:Public

[ 2016-11-10T09:56:55+08:00 ] ::1 /huawei/Public/Home/image//hor2.jpg
ERR: 无法加载模块:Public

[ 2016-11-10T09:56:55+08:00 ] ::1 /huawei/Public/Home/image//hor3.jpg
ERR: 无法加载模块:Public

[ 2016-11-10T09:56:55+08:00 ] ::1 /huawei/Public/Home/image//7i.png
ERR: 无法加载模块:Public

[ 2016-11-10T09:56:55+08:00 ] ::1 /huawei/Public/Home/image//hor1.jpg
ERR: 无法加载模块:Public

[ 2016-11-10T09:56:55+08:00 ] ::1 /huawei/Public/Home/image//hor3.jpg
ERR: 无法加载模块:Public

[ 2016-11-10T09:56:55+08:00 ] ::1 /huawei/Public/Home/image//new.jpg
ERR: 无法加载模块:Public

[ 2016-11-10T09:56:55+08:00 ] ::1 /huawei/Public/Home/image//hor2.jpg
ERR: 无法加载模块:Public

[ 2016-11-10T09:56:55+08:00 ] ::1 /huawei/Public/Home/image//7i.png
ERR: 无法加载模块:Public

[ 2016-11-10T09:57:20+08:00 ] ::1 /huawei/Public/Home/image//new.jpg
ERR: 无法加载模块:Public

[ 2016-11-10T09:57:21+08:00 ] ::1 /huawei/Public/Home/image//hor1.jpg
ERR: 无法加载模块:Public

[ 2016-11-10T09:57:21+08:00 ] ::1 /huawei/Public/Home/image//hor3.jpg
ERR: 无法加载模块:Public

[ 2016-11-10T09:57:21+08:00 ] ::1 /huawei/Public/Home/image//hor2.jpg
ERR: 无法加载模块:Public

[ 2016-11-10T09:57:21+08:00 ] ::1 /huawei/Public/Home/image//7i.png
ERR: 无法加载模块:Public

[ 2016-11-10T09:59:39+08:00 ] ::1 /huawei/Public/Home/image//hor1.jpg
ERR: 无法加载模块:Public

[ 2016-11-10T09:59:39+08:00 ] ::1 /huawei/Public/Home/image//hor2.jpg
ERR: 无法加载模块:Public

[ 2016-11-10T09:59:39+08:00 ] ::1 /huawei/Public/Home/image//hor3.jpg
ERR: 无法加载模块:Public

[ 2016-11-10T09:59:39+08:00 ] ::1 /huawei/Public/Home/image//new.jpg
ERR: 无法加载模块:Public

[ 2016-11-10T09:59:39+08:00 ] ::1 /huawei/Public/Home/image//7i.png
ERR: 无法加载模块:Public

[ 2016-11-10T09:59:39+08:00 ] ::1 /huawei/Public/Home/image//hor3.jpg
ERR: 无法加载模块:Public

[ 2016-11-10T09:59:39+08:00 ] ::1 /huawei/Public/Home/image//new.jpg
ERR: 无法加载模块:Public

[ 2016-11-10T09:59:39+08:00 ] ::1 /huawei/Public/Home/image//hor1.jpg
ERR: 无法加载模块:Public

[ 2016-11-10T09:59:39+08:00 ] ::1 /huawei/Public/Home/image//hor2.jpg
ERR: 无法加载模块:Public

[ 2016-11-10T09:59:39+08:00 ] ::1 /huawei/Public/Home/image//7i.png
ERR: 无法加载模块:Public

[ 2016-11-10T09:59:41+08:00 ] ::1 /huawei/Public/Home/image//hor1.jpg
ERR: 无法加载模块:Public

[ 2016-11-10T09:59:41+08:00 ] ::1 /huawei/Public/Home/image//hor2.jpg
ERR: 无法加载模块:Public

[ 2016-11-10T09:59:41+08:00 ] ::1 /huawei/Public/Home/image//7i.png
ERR: 无法加载模块:Public

[ 2016-11-10T09:59:41+08:00 ] ::1 /huawei/Public/Home/image//new.jpg
ERR: 无法加载模块:Public

[ 2016-11-10T09:59:41+08:00 ] ::1 /huawei/Public/Home/image//hor3.jpg
ERR: 无法加载模块:Public

[ 2016-11-10T09:59:42+08:00 ] ::1 /huawei/Public/Home/image//hor1.jpg
ERR: 无法加载模块:Public

[ 2016-11-10T09:59:42+08:00 ] ::1 /huawei/Public/Home/image//hor2.jpg
ERR: 无法加载模块:Public

[ 2016-11-10T09:59:42+08:00 ] ::1 /huawei/Public/Home/image//hor3.jpg
ERR: 无法加载模块:Public

[ 2016-11-10T09:59:42+08:00 ] ::1 /huawei/Public/Home/image//7i.png
ERR: 无法加载模块:Public

[ 2016-11-10T09:59:42+08:00 ] ::1 /huawei/Public/Home/image//new.jpg
ERR: 无法加载模块:Public

[ 2016-11-10T09:59:42+08:00 ] ::1 /huawei/Public/Home/image//hor1.jpg
ERR: 无法加载模块:Public

[ 2016-11-10T09:59:42+08:00 ] ::1 /huawei/Public/Home/image//hor3.jpg
ERR: 无法加载模块:Public

[ 2016-11-10T09:59:42+08:00 ] ::1 /huawei/Public/Home/image//new.jpg
ERR: 无法加载模块:Public

[ 2016-11-10T09:59:42+08:00 ] ::1 /huawei/Public/Home/image//7i.png
ERR: 无法加载模块:Public

[ 2016-11-10T09:59:42+08:00 ] ::1 /huawei/Public/Home/image//hor2.jpg
ERR: 无法加载模块:Public

[ 2016-11-10T10:00:47+08:00 ] ::1 /huawei/Public/Home/image//hor3.jpg
ERR: 无法加载模块:Public

[ 2016-11-10T10:00:47+08:00 ] ::1 /huawei/Public/Home/image//hor2.jpg
ERR: 无法加载模块:Public

[ 2016-11-10T10:00:47+08:00 ] ::1 /huawei/Public/Home/image//hor1.jpg
ERR: 无法加载模块:Public

[ 2016-11-10T10:00:47+08:00 ] ::1 /huawei/Public/Home/image//new.jpg
ERR: 无法加载模块:Public

[ 2016-11-10T10:00:47+08:00 ] ::1 /huawei/Public/Home/image//7i.png
ERR: 无法加载模块:Public

[ 2016-11-10T10:00:48+08:00 ] ::1 /huawei/Public/Home/image//hor1.jpg
ERR: 无法加载模块:Public

[ 2016-11-10T10:00:48+08:00 ] ::1 /huawei/Public/Home/image//hor2.jpg
ERR: 无法加载模块:Public

[ 2016-11-10T10:00:48+08:00 ] ::1 /huawei/Public/Home/image//hor3.jpg
ERR: 无法加载模块:Public

[ 2016-11-10T10:00:48+08:00 ] ::1 /huawei/Public/Home/image//new.jpg
ERR: 无法加载模块:Public

[ 2016-11-10T10:00:48+08:00 ] ::1 /huawei/Public/Home/image//7i.png
ERR: 无法加载模块:Public

[ 2016-11-10T10:00:48+08:00 ] ::1 /huawei/Public/Home/image//hor2.jpg
ERR: 无法加载模块:Public

[ 2016-11-10T10:00:48+08:00 ] ::1 /huawei/Public/Home/image//new.jpg
ERR: 无法加载模块:Public

[ 2016-11-10T10:00:48+08:00 ] ::1 /huawei/Public/Home/image//7i.png
ERR: 无法加载模块:Public

[ 2016-11-10T10:00:48+08:00 ] ::1 /huawei/Public/Home/image//hor1.jpg
ERR: 无法加载模块:Public

[ 2016-11-10T10:00:48+08:00 ] ::1 /huawei/Public/Home/image//hor3.jpg
ERR: 无法加载模块:Public

[ 2016-11-10T10:00:48+08:00 ] ::1 /huawei/Public/Home/image//hor3.jpg
ERR: 无法加载模块:Public

[ 2016-11-10T10:00:48+08:00 ] ::1 /huawei/Public/Home/image//hor2.jpg
ERR: 无法加载模块:Public

[ 2016-11-10T10:00:48+08:00 ] ::1 /huawei/Public/Home/image//hor1.jpg
ERR: 无法加载模块:Public

[ 2016-11-10T10:00:48+08:00 ] ::1 /huawei/Public/Home/image//new.jpg
ERR: 无法加载模块:Public

[ 2016-11-10T10:01:48+08:00 ] ::1 /huawei/Public/Home/image//hor1.jpg
ERR: 无法加载模块:Public

[ 2016-11-10T10:01:48+08:00 ] ::1 /huawei/Public/Home/image//new.jpg
ERR: 无法加载模块:Public

[ 2016-11-10T10:01:48+08:00 ] ::1 /huawei/Public/Home/image//hor2.jpg
ERR: 无法加载模块:Public

[ 2016-11-10T10:01:48+08:00 ] ::1 /huawei/Public/Home/image//hor3.jpg
ERR: 无法加载模块:Public

[ 2016-11-10T10:01:48+08:00 ] ::1 /huawei/Public/Home/image//7i.png
ERR: 无法加载模块:Public

[ 2016-11-10T10:01:48+08:00 ] ::1 /huawei/Public/Home/image//hor1.jpg
ERR: 无法加载模块:Public

[ 2016-11-10T10:01:48+08:00 ] ::1 /huawei/Public/Home/image//7i.png
ERR: 无法加载模块:Public

[ 2016-11-10T10:01:48+08:00 ] ::1 /huawei/Public/Home/image//new.jpg
ERR: 无法加载模块:Public

[ 2016-11-10T10:01:48+08:00 ] ::1 /huawei/Public/Home/image//hor2.jpg
ERR: 无法加载模块:Public

[ 2016-11-10T10:01:48+08:00 ] ::1 /huawei/Public/Home/image//hor3.jpg
ERR: 无法加载模块:Public

[ 2016-11-10T10:02:12+08:00 ] ::1 /huawei/Public/Home/image//hor2.jpg
ERR: 无法加载模块:Public

[ 2016-11-10T10:02:12+08:00 ] ::1 /huawei/Public/Home/image//new.jpg
ERR: 无法加载模块:Public

[ 2016-11-10T10:02:12+08:00 ] ::1 /huawei/Public/Home/image//hor3.jpg
ERR: 无法加载模块:Public

[ 2016-11-10T10:02:12+08:00 ] ::1 /huawei/Public/Home/image//7i.png
ERR: 无法加载模块:Public

[ 2016-11-10T10:02:12+08:00 ] ::1 /huawei/Public/Home/image//hor1.jpg
ERR: 无法加载模块:Public

[ 2016-11-10T10:02:12+08:00 ] ::1 /huawei/Public/Home/image//hor3.jpg
ERR: 无法加载模块:Public

[ 2016-11-10T10:02:12+08:00 ] ::1 /huawei/Public/Home/image//hor2.jpg
ERR: 无法加载模块:Public

[ 2016-11-10T10:02:12+08:00 ] ::1 /huawei/Public/Home/image//7i.png
ERR: 无法加载模块:Public

[ 2016-11-10T10:02:12+08:00 ] ::1 /huawei/Public/Home/image//new.jpg
ERR: 无法加载模块:Public

[ 2016-11-10T10:02:12+08:00 ] ::1 /huawei/Public/Home/image//hor1.jpg
ERR: 无法加载模块:Public

[ 2016-11-10T10:02:13+08:00 ] ::1 /huawei/Public/Home/image//hor3.jpg
ERR: 无法加载模块:Public

[ 2016-11-10T10:02:13+08:00 ] ::1 /huawei/Public/Home/image//hor2.jpg
ERR: 无法加载模块:Public

[ 2016-11-10T10:02:13+08:00 ] ::1 /huawei/Public/Home/image//7i.png
ERR: 无法加载模块:Public

[ 2016-11-10T10:02:13+08:00 ] ::1 /huawei/Public/Home/image//new.jpg
ERR: 无法加载模块:Public

[ 2016-11-10T10:02:13+08:00 ] ::1 /huawei/Public/Home/image//hor1.jpg
ERR: 无法加载模块:Public

[ 2016-11-10T10:06:41+08:00 ] ::1 /huawei/Public/Home/image//7i.png
ERR: 无法加载模块:Public

[ 2016-11-10T10:06:41+08:00 ] ::1 /huawei/Public/Home/image//hor3.jpg
ERR: 无法加载模块:Public

[ 2016-11-10T10:06:41+08:00 ] ::1 /huawei/Public/Home/image//hor1.jpg
ERR: 无法加载模块:Public

[ 2016-11-10T10:06:41+08:00 ] ::1 /huawei/Public/Home/image//hor2.jpg
ERR: 无法加载模块:Public

[ 2016-11-10T10:07:09+08:00 ] ::1 /huawei/Public/Home/image//new.jpg
ERR: 无法加载模块:Public

[ 2016-11-10T10:07:09+08:00 ] ::1 /huawei/Public/Home/image//7i.png
ERR: 无法加载模块:Public

[ 2016-11-10T10:07:09+08:00 ] ::1 /huawei/Public/Home/image//hor3.jpg
ERR: 无法加载模块:Public

[ 2016-11-10T10:07:09+08:00 ] ::1 /huawei/Public/Home/image//hor2.jpg
ERR: 无法加载模块:Public

[ 2016-11-10T10:07:09+08:00 ] ::1 /huawei/Public/Home/image//hor1.jpg
ERR: 无法加载模块:Public

[ 2016-11-10T10:07:52+08:00 ] ::1 /huawei/Public/Home/image//new.jpg
ERR: 无法加载模块:Public

[ 2016-11-10T10:07:52+08:00 ] ::1 /huawei/Public/Home/image//hor3.jpg
ERR: 无法加载模块:Public

[ 2016-11-10T10:07:52+08:00 ] ::1 /huawei/Public/Home/image//hor2.jpg
ERR: 无法加载模块:Public

[ 2016-11-10T10:07:52+08:00 ] ::1 /huawei/Public/Home/image//hor1.jpg
ERR: 无法加载模块:Public

[ 2016-11-10T10:07:52+08:00 ] ::1 /huawei/Public/Home/image//7i.png
ERR: 无法加载模块:Public

[ 2016-11-10T10:07:53+08:00 ] ::1 /huawei/Public/Home/image//new.jpg
ERR: 无法加载模块:Public

[ 2016-11-10T10:07:53+08:00 ] ::1 /huawei/Public/Home/image//hor3.jpg
ERR: 无法加载模块:Public

[ 2016-11-10T10:07:53+08:00 ] ::1 /huawei/Public/Home/image//hor2.jpg
ERR: 无法加载模块:Public

[ 2016-11-10T10:07:53+08:00 ] ::1 /huawei/Public/Home/image//hor1.jpg
ERR: 无法加载模块:Public

[ 2016-11-10T10:07:53+08:00 ] ::1 /huawei/Public/Home/image//7i.png
ERR: 无法加载模块:Public

[ 2016-11-10T10:07:54+08:00 ] ::1 /huawei/Public/Home/image//new.jpg
ERR: 无法加载模块:Public

[ 2016-11-10T10:07:54+08:00 ] ::1 /huawei/Public/Home/image//7i.png
ERR: 无法加载模块:Public

[ 2016-11-10T10:07:54+08:00 ] ::1 /huawei/Public/Home/image//hor1.jpg
ERR: 无法加载模块:Public

[ 2016-11-10T10:07:54+08:00 ] ::1 /huawei/Public/Home/image//hor2.jpg
ERR: 无法加载模块:Public

[ 2016-11-10T10:07:54+08:00 ] ::1 /huawei/Public/Home/image//hor3.jpg
ERR: 无法加载模块:Public

[ 2016-11-10T10:07:54+08:00 ] ::1 /huawei/Public/Home/image//hor3.jpg
ERR: 无法加载模块:Public

[ 2016-11-10T10:07:54+08:00 ] ::1 /huawei/Public/Home/image//hor1.jpg
ERR: 无法加载模块:Public

[ 2016-11-10T10:07:54+08:00 ] ::1 /huawei/Public/Home/image//new.jpg
ERR: 无法加载模块:Public

[ 2016-11-10T10:07:54+08:00 ] ::1 /huawei/Public/Home/image//hor2.jpg
ERR: 无法加载模块:Public

[ 2016-11-10T10:07:54+08:00 ] ::1 /huawei/Public/Home/image//7i.png
ERR: 无法加载模块:Public

[ 2016-11-10T10:08:52+08:00 ] ::1 /huawei/Public/Home/image//hor1.jpg
ERR: 无法加载模块:Public

[ 2016-11-10T10:08:52+08:00 ] ::1 /huawei/Public/Home/image//new.jpg
ERR: 无法加载模块:Public

[ 2016-11-10T10:08:52+08:00 ] ::1 /huawei/Public/Home/image//7i.png
ERR: 无法加载模块:Public

[ 2016-11-10T10:08:52+08:00 ] ::1 /huawei/Public/Home/image//hor3.jpg
ERR: 无法加载模块:Public

[ 2016-11-10T10:08:52+08:00 ] ::1 /huawei/Public/Home/image//hor1.jpg
ERR: 无法加载模块:Public

[ 2016-11-10T10:09:18+08:00 ] ::1 /huawei/Public/Home/image//hor2.jpg
ERR: 无法加载模块:Public

[ 2016-11-10T10:09:18+08:00 ] ::1 /huawei/Public/Home/image//new.jpg
ERR: 无法加载模块:Public

[ 2016-11-10T10:09:18+08:00 ] ::1 /huawei/Public/Home/image//7i.png
ERR: 无法加载模块:Public

[ 2016-11-10T10:09:18+08:00 ] ::1 /huawei/Public/Home/image//hor1.jpg
ERR: 无法加载模块:Public

[ 2016-11-10T10:09:18+08:00 ] ::1 /huawei/Public/Home/image//hor3.jpg
ERR: 无法加载模块:Public

[ 2016-11-10T10:27:46+08:00 ] ::1 /huawei/Public/Home/image//new.jpg
ERR: 无法加载模块:Public

[ 2016-11-10T10:27:46+08:00 ] ::1 /huawei/Public/Home/image//hor2.jpg
ERR: 无法加载模块:Public

[ 2016-11-10T10:27:46+08:00 ] ::1 /huawei/Public/Home/image//new.jpg
ERR: 无法加载模块:Public

[ 2016-11-10T10:27:46+08:00 ] ::1 /huawei/Public/Home/image//hor2.jpg
ERR: 无法加载模块:Public

[ 2016-11-10T10:29:49+08:00 ] ::1 /huawei/Public/Home/image//new.jpg
ERR: 无法加载模块:Public

[ 2016-11-10T10:29:49+08:00 ] ::1 /huawei/Public/Home/image//hor2.jpg
ERR: 无法加载模块:Public

[ 2016-11-10T10:30:51+08:00 ] ::1 /huawei/Public/Home/image//hor2.jpg
ERR: 无法加载模块:Public

[ 2016-11-10T10:30:51+08:00 ] ::1 /huawei/Public/Home/image//new.jpg
ERR: 无法加载模块:Public

[ 2016-11-10T10:31:00+08:00 ] ::1 /huawei/Public/Home/image//new.jpg
ERR: 无法加载模块:Public

[ 2016-11-10T10:31:00+08:00 ] ::1 /huawei/Public/Home/image//hor2.jpg
ERR: 无法加载模块:Public

[ 2016-11-10T10:35:04+08:00 ] ::1 /huawei/Public/Home/image//new.jpg
ERR: 无法加载模块:Public

[ 2016-11-10T10:36:41+08:00 ] ::1 /huawei/index.php/Admi
ERR: 无法加载模块:Admi

[ 2016-11-10T10:38:22+08:00 ] ::1 /huawei/Public/Home/image//new.jpg
ERR: 无法加载模块:Public

[ 2016-11-10T10:40:55+08:00 ] ::1 /huawei/Public/Home/image//new.jpg
ERR: 无法加载模块:Public

[ 2016-11-10T10:42:31+08:00 ] ::1 /huawei/Public/Home/image//new.jpg
ERR: 无法加载模块:Public

[ 2016-11-10T10:49:14+08:00 ] ::1 /huawei/Public/Home/css/images/cart.png
ERR: 无法加载模块:Public

[ 2016-11-10T10:49:14+08:00 ] ::1 /huawei/Public/Home/css/images/icon14.png
ERR: 无法加载模块:Public

[ 2016-11-10T13:45:19+08:00 ] ::1 /huawei/Public/Home/css/images/icon14.png
ERR: 无法加载模块:Public

[ 2016-11-10T14:09:30+08:00 ] ::1 /huawei/Public/Home/css/images/icon14.png
ERR: 无法加载模块:Public

[ 2016-11-10T14:10:55+08:00 ] ::1 /huawei/Public/Home/css/images/icon14.png
ERR: 无法加载模块:Public

[ 2016-11-10T16:06:08+08:00 ] ::1 /huawei/Public/Home/css/images/icon14.png
ERR: 无法加载模块:Public

[ 2016-11-10T16:23:10+08:00 ] ::1 /huawei/Public/Home/css/images/icon14.png
ERR: 无法加载模块:Public

[ 2016-11-10T18:39:55+08:00 ] ::1 /huawei/Public/Home/css/images/icon14.png
ERR: 无法加载模块:Public

[ 2016-11-10T18:42:41+08:00 ] ::1 /huawei/Public/Home/css/images/icon14.png
ERR: 无法加载模块:Public

[ 2016-11-10T21:34:04+08:00 ] ::1 /huawei/Public/Home/css/images/icon14.png
ERR: 无法加载模块:Public

[ 2016-11-10T21:36:47+08:00 ] ::1 /huawei/Public/Home/css/images/icon14.png
ERR: 无法加载模块:Public

[ 2016-11-10T21:37:38+08:00 ] ::1 /huawei/Public/Home/css/images/icon14.png
ERR: 无法加载模块:Public

