[ 2016-11-04T11:56:36+08:00 ] ::1 /huawei/Public581bf9dfe90b6.jpg
ERR: 无法加载模块:Public581bf9dfe90b6

[ 2016-11-04T11:56:36+08:00 ] ::1 /huawei/Public581bfa0ca6bce.jpg
ERR: 无法加载模块:Public581bfa0ca6bce

[ 2016-11-04T11:58:01+08:00 ] ::1 /huawei/Public581bf9dfe90b6.jpg
ERR: 无法加载模块:Public581bf9dfe90b6

[ 2016-11-04T11:58:01+08:00 ] ::1 /huawei/Public581bfa0ca6bce.jpg
ERR: 无法加载模块:Public581bfa0ca6bce

[ 2016-11-04T11:58:11+08:00 ] ::1 /huawei/Public581bf9dfe90b6.jpg
ERR: 无法加载模块:Public581bf9dfe90b6

[ 2016-11-04T11:58:31+08:00 ] ::1 /huawei/Public581bfa0ca6bce.jpg
ERR: 无法加载模块:Public581bfa0ca6bce

[ 2016-11-04T11:58:31+08:00 ] ::1 /huawei/Public581bf9dfe90b6.jpg
ERR: 无法加载模块:Public581bf9dfe90b6

[ 2016-11-04T11:58:45+08:00 ] ::1 /huawei/Public581bf9dfe90b6.jpg
ERR: 无法加载模块:Public581bf9dfe90b6

[ 2016-11-04T11:58:55+08:00 ] ::1 /huawei/Public/581bf9dfe90b6.jpg
ERR: 无法加载模块:Public

[ 2016-11-04T11:58:56+08:00 ] ::1 /huawei/Public/581bf9dfe90b6.jpg
ERR: 无法加载模块:Public

[ 2016-11-04T11:58:56+08:00 ] ::1 /huawei/Public/581bf9dfe90b6.jpg
ERR: 无法加载模块:Public

[ 2016-11-04T11:58:56+08:00 ] ::1 /huawei/Public/581bf9dfe90b6.jpg
ERR: 无法加载模块:Public

[ 2016-11-04T12:01:13+08:00 ] ::1 /huawei/Public/581bf9dfe90b6.jpg
ERR: 无法加载模块:Public

[ 2016-11-04T12:01:14+08:00 ] ::1 /huawei/Public/581bf9dfe90b6.jpg
ERR: 无法加载模块:Public

[ 2016-11-04T12:01:14+08:00 ] ::1 /huawei/Public/581bf9dfe90b6.jpg
ERR: 无法加载模块:Public

[ 2016-11-04T12:01:14+08:00 ] ::1 /huawei/Public/581bf9dfe90b6.jpg
ERR: 无法加载模块:Public

[ 2016-11-04T12:01:14+08:00 ] ::1 /huawei/Public/581bf9dfe90b6.jpg
ERR: 无法加载模块:Public

[ 2016-11-04T12:01:14+08:00 ] ::1 /huawei/Public/581bf9dfe90b6.jpg
ERR: 无法加载模块:Public

[ 2016-11-04T12:01:31+08:00 ] ::1 /huawei/Public581bf9dfe90b6.jpg
ERR: 无法加载模块:Public581bf9dfe90b6

[ 2016-11-04T12:01:31+08:00 ] ::1 /huawei/Public581bf9dfe90b6.jpg
ERR: 无法加载模块:Public581bf9dfe90b6

[ 2016-11-04T12:01:31+08:00 ] ::1 /huawei/Public581bf9dfe90b6.jpg
ERR: 无法加载模块:Public581bf9dfe90b6

[ 2016-11-04T12:01:31+08:00 ] ::1 /huawei/Public581bf9dfe90b6.jpg
ERR: 无法加载模块:Public581bf9dfe90b6

[ 2016-11-04T12:01:32+08:00 ] ::1 /huawei/Public581bf9dfe90b6.jpg
ERR: 无法加载模块:Public581bf9dfe90b6

[ 2016-11-04T12:02:13+08:00 ] ::1 /huawei/Public/2016-11-4/581bf9dfe90b6.jpg
ERR: 无法加载模块:Public

[ 2016-11-04T12:02:54+08:00 ] ::1 /huawei/Public/Upload/2016-11-4/581bf9dfe90b6.jpg
ERR: 无法加载模块:Public

[ 2016-11-04T12:04:00+08:00 ] ::1 /huawei/Public/Upload/2016-11-4/581bf9dfe90b6.jpg
ERR: 无法加载模块:Public

[ 2016-11-04T12:05:24+08:00 ] ::1 /huawei/Public/Upload/2016-11-4/581bf9dfe90b6.jpg
ERR: 无法加载模块:Public

[ 2016-11-04T12:16:48+08:00 ] ::1 /huawei/Public/Upload/581bfa0ca6bce.jpg
ERR: 无法加载模块:Public

[ 2016-11-04T12:19:11+08:00 ] ::1 /huawei/Public/Upload/581c0c310b7ad.jpg
ERR: 无法加载模块:Public

[ 2016-11-04T12:19:12+08:00 ] ::1 /huawei/Public/Upload/581c0c310b7ad.jpg
ERR: 无法加载模块:Public

[ 2016-11-04T12:19:12+08:00 ] ::1 /huawei/Public/Upload/581c0c310b7ad.jpg
ERR: 无法加载模块:Public

[ 2016-11-04T12:19:12+08:00 ] ::1 /huawei/Public/Upload/581c0c310b7ad.jpg
ERR: 无法加载模块:Public

[ 2016-11-04T12:19:12+08:00 ] ::1 /huawei/Public/Upload/581c0c310b7ad.jpg
ERR: 无法加载模块:Public

[ 2016-11-04T12:19:13+08:00 ] ::1 /huawei/Public/Upload/581c0c310b7ad.jpg
ERR: 无法加载模块:Public

[ 2016-11-04T12:19:13+08:00 ] ::1 /huawei/Public/Upload/581c0c310b7ad.jpg
ERR: 无法加载模块:Public

[ 2016-11-04T12:19:13+08:00 ] ::1 /huawei/Public/Upload/581c0c310b7ad.jpg
ERR: 无法加载模块:Public

[ 2016-11-04T12:46:56+08:00 ] ::1 /huawei/Public/Upload/581c0c310b7ad.jpg
ERR: 无法加载模块:Public

