[ 2016-11-01T10:21:07+08:00 ] ::1 /huawei/
INFO: [ app_init ] --START--
INFO: Run Behavior\BuildLiteBehavior [ RunTime:0.000024s ]
INFO: [ app_init ] --END-- [ RunTime:0.025639s ]
INFO: [ app_begin ] --START--
INFO: Run Behavior\ReadHtmlCacheBehavior [ RunTime:0.001571s ]
INFO: [ app_begin ] --END-- [ RunTime:0.001678s ]
INFO: [ view_parse ] --START--
INFO: [ template_filter ] --START--
INFO: Run Behavior\ContentReplaceBehavior [ RunTime:0.033658s ]
INFO: [ template_filter ] --END-- [ RunTime:0.033727s ]
INFO: Run Behavior\ParseTemplateBehavior [ RunTime:0.133638s ]
INFO: [ view_parse ] --END-- [ RunTime:0.133754s ]
INFO: [ view_filter ] --START--
INFO: Run Behavior\WriteHtmlCacheBehavior [ RunTime:0.015303s ]
INFO: [ view_filter ] --END-- [ RunTime:0.015413s ]
INFO: [ app_end ] --START--
INFO: Run Behavior\ShowPageTraceBehavior [ RunTime:0.021232s ]
INFO: [ app_end ] --END-- [ RunTime:0.021430s ]

[ 2016-11-01T10:23:23+08:00 ] ::1 /huawei/
INFO: [ app_init ] --START--
INFO: Run Behavior\BuildLiteBehavior [ RunTime:0.000015s ]
INFO: [ app_init ] --END-- [ RunTime:0.000669s ]
INFO: [ app_begin ] --START--
INFO: Run Behavior\ReadHtmlCacheBehavior [ RunTime:0.000898s ]
INFO: [ app_begin ] --END-- [ RunTime:0.000975s ]
INFO: [ view_parse ] --START--
INFO: [ template_filter ] --START--
INFO: Run Behavior\ContentReplaceBehavior [ RunTime:0.000241s ]
INFO: [ template_filter ] --END-- [ RunTime:0.000340s ]
INFO: Run Behavior\ParseTemplateBehavior [ RunTime:0.012446s ]
INFO: [ view_parse ] --END-- [ RunTime:0.012520s ]
INFO: [ view_filter ] --START--
INFO: Run Behavior\WriteHtmlCacheBehavior [ RunTime:0.000640s ]
INFO: [ view_filter ] --END-- [ RunTime:0.000692s ]
INFO: [ app_end ] --START--
INFO: Run Behavior\ShowPageTraceBehavior [ RunTime:0.001169s ]
INFO: [ app_end ] --END-- [ RunTime:0.001259s ]

[ 2016-11-01T10:23:28+08:00 ] ::1 /huawei/
INFO: [ app_init ] --START--
INFO: Run Behavior\BuildLiteBehavior [ RunTime:0.000014s ]
INFO: [ app_init ] --END-- [ RunTime:0.000572s ]
INFO: [ app_begin ] --START--
INFO: Run Behavior\ReadHtmlCacheBehavior [ RunTime:0.000705s ]
INFO: [ app_begin ] --END-- [ RunTime:0.000766s ]
INFO: [ view_parse ] --START--
INFO: [ template_filter ] --START--
INFO: Run Behavior\ContentReplaceBehavior [ RunTime:0.000190s ]
INFO: [ template_filter ] --END-- [ RunTime:0.000284s ]
INFO: Run Behavior\ParseTemplateBehavior [ RunTime:0.011372s ]
INFO: [ view_parse ] --END-- [ RunTime:0.011421s ]
INFO: [ view_filter ] --START--
INFO: Run Behavior\WriteHtmlCacheBehavior [ RunTime:0.000497s ]
INFO: [ view_filter ] --END-- [ RunTime:0.000531s ]
INFO: [ app_end ] --START--
INFO: Run Behavior\ShowPageTraceBehavior [ RunTime:0.000708s ]
INFO: [ app_end ] --END-- [ RunTime:0.000767s ]

[ 2016-11-01T10:23:38+08:00 ] ::1 /huawei/
INFO: [ app_init ] --START--
INFO: Run Behavior\BuildLiteBehavior [ RunTime:0.000016s ]
INFO: [ app_init ] --END-- [ RunTime:0.000627s ]
INFO: [ app_begin ] --START--
INFO: Run Behavior\ReadHtmlCacheBehavior [ RunTime:0.000886s ]
INFO: [ app_begin ] --END-- [ RunTime:0.000961s ]
INFO: [ view_parse ] --START--
INFO: [ template_filter ] --START--
INFO: Run Behavior\ContentReplaceBehavior [ RunTime:0.000155s ]
INFO: [ template_filter ] --END-- [ RunTime:0.000218s ]
INFO: Run Behavior\ParseTemplateBehavior [ RunTime:0.012889s ]
INFO: [ view_parse ] --END-- [ RunTime:0.012958s ]
INFO: [ view_filter ] --START--
INFO: Run Behavior\WriteHtmlCacheBehavior [ RunTime:0.000564s ]
INFO: [ view_filter ] --END-- [ RunTime:0.000610s ]
INFO: [ app_end ] --START--
INFO: Run Behavior\ShowPageTraceBehavior [ RunTime:0.000849s ]
INFO: [ app_end ] --END-- [ RunTime:0.000914s ]

[ 2016-11-01T10:23:38+08:00 ] ::1 /huawei/
INFO: [ app_init ] --START--
INFO: Run Behavior\BuildLiteBehavior [ RunTime:0.000012s ]
INFO: [ app_init ] --END-- [ RunTime:0.000415s ]
INFO: [ app_begin ] --START--
INFO: Run Behavior\ReadHtmlCacheBehavior [ RunTime:0.000646s ]
INFO: [ app_begin ] --END-- [ RunTime:0.000692s ]
INFO: [ view_parse ] --START--
INFO: [ template_filter ] --START--
INFO: Run Behavior\ContentReplaceBehavior [ RunTime:0.000105s ]
INFO: [ template_filter ] --END-- [ RunTime:0.000149s ]
INFO: Run Behavior\ParseTemplateBehavior [ RunTime:0.008337s ]
INFO: [ view_parse ] --END-- [ RunTime:0.008385s ]
INFO: [ view_filter ] --START--
INFO: Run Behavior\WriteHtmlCacheBehavior [ RunTime:0.000444s ]
INFO: [ view_filter ] --END-- [ RunTime:0.000477s ]
INFO: [ app_end ] --START--
INFO: Run Behavior\ShowPageTraceBehavior [ RunTime:0.000950s ]
INFO: [ app_end ] --END-- [ RunTime:0.001022s ]

[ 2016-11-01T10:23:38+08:00 ] ::1 /huawei/
INFO: [ app_init ] --START--
INFO: Run Behavior\BuildLiteBehavior [ RunTime:0.000012s ]
INFO: [ app_init ] --END-- [ RunTime:0.000481s ]
INFO: [ app_begin ] --START--
INFO: Run Behavior\ReadHtmlCacheBehavior [ RunTime:0.000641s ]
INFO: [ app_begin ] --END-- [ RunTime:0.000688s ]
INFO: [ view_parse ] --START--
INFO: [ template_filter ] --START--
INFO: Run Behavior\ContentReplaceBehavior [ RunTime:0.000104s ]
INFO: [ template_filter ] --END-- [ RunTime:0.000149s ]
INFO: Run Behavior\ParseTemplateBehavior [ RunTime:0.010212s ]
INFO: [ view_parse ] --END-- [ RunTime:0.010274s ]
INFO: [ view_filter ] --START--
INFO: Run Behavior\WriteHtmlCacheBehavior [ RunTime:0.000458s ]
INFO: [ view_filter ] --END-- [ RunTime:0.000494s ]
INFO: [ app_end ] --START--
INFO: Run Behavior\ShowPageTraceBehavior [ RunTime:0.000755s ]
INFO: [ app_end ] --END-- [ RunTime:0.000824s ]

[ 2016-11-01T10:23:38+08:00 ] ::1 /huawei/
INFO: [ app_init ] --START--
INFO: Run Behavior\BuildLiteBehavior [ RunTime:0.000016s ]
INFO: [ app_init ] --END-- [ RunTime:0.000541s ]
INFO: [ app_begin ] --START--
INFO: Run Behavior\ReadHtmlCacheBehavior [ RunTime:0.000457s ]
INFO: [ app_begin ] --END-- [ RunTime:0.000505s ]
INFO: [ view_parse ] --START--
INFO: [ template_filter ] --START--
INFO: Run Behavior\ContentReplaceBehavior [ RunTime:0.000116s ]
INFO: [ template_filter ] --END-- [ RunTime:0.000168s ]
INFO: Run Behavior\ParseTemplateBehavior [ RunTime:0.010568s ]
INFO: [ view_parse ] --END-- [ RunTime:0.010615s ]
INFO: [ view_filter ] --START--
INFO: Run Behavior\WriteHtmlCacheBehavior [ RunTime:0.000279s ]
INFO: [ view_filter ] --END-- [ RunTime:0.000312s ]
INFO: [ app_end ] --START--
INFO: Run Behavior\ShowPageTraceBehavior [ RunTime:0.000585s ]
INFO: [ app_end ] --END-- [ RunTime:0.000633s ]

[ 2016-11-01T10:23:39+08:00 ] ::1 /huawei/
INFO: [ app_init ] --START--
INFO: Run Behavior\BuildLiteBehavior [ RunTime:0.000021s ]
INFO: [ app_init ] --END-- [ RunTime:0.000770s ]
INFO: [ app_begin ] --START--
INFO: Run Behavior\ReadHtmlCacheBehavior [ RunTime:0.002474s ]
INFO: [ app_begin ] --END-- [ RunTime:0.002606s ]
INFO: [ view_parse ] --START--
INFO: [ template_filter ] --START--
INFO: Run Behavior\ContentReplaceBehavior [ RunTime:0.000111s ]
INFO: [ template_filter ] --END-- [ RunTime:0.000158s ]
INFO: Run Behavior\ParseTemplateBehavior [ RunTime:0.011300s ]
INFO: [ view_parse ] --END-- [ RunTime:0.011432s ]
INFO: [ view_filter ] --START--
INFO: Run Behavior\WriteHtmlCacheBehavior [ RunTime:0.000998s ]
INFO: [ view_filter ] --END-- [ RunTime:0.001174s ]
INFO: [ app_end ] --START--
INFO: Run Behavior\ShowPageTraceBehavior [ RunTime:0.000683s ]
INFO: [ app_end ] --END-- [ RunTime:0.000740s ]

[ 2016-11-01T10:26:19+08:00 ] ::1 /huawei/
INFO: [ app_init ] --START--
INFO: Run Behavior\BuildLiteBehavior [ RunTime:0.000015s ]
INFO: [ app_init ] --END-- [ RunTime:0.000761s ]
INFO: [ app_begin ] --START--
INFO: Run Behavior\ReadHtmlCacheBehavior [ RunTime:0.000761s ]
INFO: [ app_begin ] --END-- [ RunTime:0.000828s ]
INFO: [ view_parse ] --START--
INFO: [ template_filter ] --START--
INFO: Run Behavior\ContentReplaceBehavior [ RunTime:0.000226s ]
INFO: [ template_filter ] --END-- [ RunTime:0.000315s ]
INFO: Run Behavior\ParseTemplateBehavior [ RunTime:0.012168s ]
INFO: [ view_parse ] --END-- [ RunTime:0.012240s ]
INFO: [ view_filter ] --START--
INFO: Run Behavior\WriteHtmlCacheBehavior [ RunTime:0.000577s ]
INFO: [ view_filter ] --END-- [ RunTime:0.000622s ]
INFO: [ app_end ] --START--
INFO: Run Behavior\ShowPageTraceBehavior [ RunTime:0.001019s ]
INFO: [ app_end ] --END-- [ RunTime:0.001106s ]

[ 2016-11-01T10:26:29+08:00 ] ::1 /huawei/
INFO: [ app_init ] --START--
INFO: Run Behavior\BuildLiteBehavior [ RunTime:0.000018s ]
INFO: [ app_init ] --END-- [ RunTime:0.000764s ]
INFO: [ app_begin ] --START--
INFO: Run Behavior\ReadHtmlCacheBehavior [ RunTime:0.000894s ]
INFO: [ app_begin ] --END-- [ RunTime:0.000965s ]
INFO: [ view_parse ] --START--
INFO: [ template_filter ] --START--
INFO: Run Behavior\ContentReplaceBehavior [ RunTime:0.000164s ]
INFO: [ template_filter ] --END-- [ RunTime:0.000232s ]
INFO: Run Behavior\ParseTemplateBehavior [ RunTime:0.013415s ]
INFO: [ view_parse ] --END-- [ RunTime:0.013501s ]
INFO: [ view_filter ] --START--
INFO: Run Behavior\WriteHtmlCacheBehavior [ RunTime:0.000664s ]
INFO: [ view_filter ] --END-- [ RunTime:0.000719s ]
INFO: [ app_end ] --START--
INFO: Run Behavior\ShowPageTraceBehavior [ RunTime:0.001040s ]
INFO: [ app_end ] --END-- [ RunTime:0.001114s ]

[ 2016-11-01T10:27:30+08:00 ] ::1 /huawei/
INFO: [ app_init ] --START--
INFO: Run Behavior\BuildLiteBehavior [ RunTime:0.000016s ]
INFO: [ app_init ] --END-- [ RunTime:0.000605s ]
INFO: [ app_begin ] --START--
INFO: Run Behavior\ReadHtmlCacheBehavior [ RunTime:0.000726s ]
INFO: [ app_begin ] --END-- [ RunTime:0.000818s ]
INFO: [ view_parse ] --START--
INFO: [ template_filter ] --START--
INFO: Run Behavior\ContentReplaceBehavior [ RunTime:0.000175s ]
INFO: [ template_filter ] --END-- [ RunTime:0.000245s ]
INFO: Run Behavior\ParseTemplateBehavior [ RunTime:0.013287s ]
INFO: [ view_parse ] --END-- [ RunTime:0.013364s ]
INFO: [ view_filter ] --START--
INFO: Run Behavior\WriteHtmlCacheBehavior [ RunTime:0.000412s ]
INFO: [ view_filter ] --END-- [ RunTime:0.000452s ]
INFO: [ app_end ] --START--
INFO: Run Behavior\ShowPageTraceBehavior [ RunTime:0.000616s ]
INFO: [ app_end ] --END-- [ RunTime:0.000686s ]

[ 2016-11-01T13:45:13+08:00 ] ::1 /huawei/
INFO: [ app_init ] --START--
INFO: Run Behavior\BuildLiteBehavior [ RunTime:0.000012s ]
INFO: [ app_init ] --END-- [ RunTime:0.000596s ]
INFO: [ app_begin ] --START--
INFO: Run Behavior\ReadHtmlCacheBehavior [ RunTime:0.000676s ]
INFO: [ app_begin ] --END-- [ RunTime:0.000723s ]
INFO: [ view_parse ] --START--
INFO: [ template_filter ] --START--
INFO: Run Behavior\ContentReplaceBehavior [ RunTime:0.000107s ]
INFO: [ template_filter ] --END-- [ RunTime:0.000152s ]
INFO: Run Behavior\ParseTemplateBehavior [ RunTime:0.009223s ]
INFO: [ view_parse ] --END-- [ RunTime:0.009282s ]
INFO: [ view_filter ] --START--
INFO: Run Behavior\WriteHtmlCacheBehavior [ RunTime:0.000479s ]
INFO: [ view_filter ] --END-- [ RunTime:0.000513s ]
INFO: [ app_end ] --START--
INFO: Run Behavior\ShowPageTraceBehavior [ RunTime:0.000695s ]
INFO: [ app_end ] --END-- [ RunTime:0.000758s ]

[ 2016-11-01T13:45:27+08:00 ] ::1 /huawei/
INFO: [ app_init ] --START--
INFO: Run Behavior\BuildLiteBehavior [ RunTime:0.000011s ]
INFO: [ app_init ] --END-- [ RunTime:0.000496s ]
INFO: [ app_begin ] --START--
INFO: Run Behavior\ReadHtmlCacheBehavior [ RunTime:0.000663s ]
INFO: [ app_begin ] --END-- [ RunTime:0.000709s ]
INFO: [ view_parse ] --START--
INFO: [ template_filter ] --START--
INFO: Run Behavior\ContentReplaceBehavior [ RunTime:0.000214s ]
INFO: [ template_filter ] --END-- [ RunTime:0.000280s ]
INFO: Run Behavior\ParseTemplateBehavior [ RunTime:0.008901s ]
INFO: [ view_parse ] --END-- [ RunTime:0.008982s ]
INFO: [ view_filter ] --START--
INFO: Run Behavior\WriteHtmlCacheBehavior [ RunTime:0.000442s ]
INFO: [ view_filter ] --END-- [ RunTime:0.000480s ]
INFO: [ app_end ] --START--
INFO: Run Behavior\ShowPageTraceBehavior [ RunTime:0.001149s ]
INFO: [ app_end ] --END-- [ RunTime:0.001259s ]

[ 2016-11-01T13:46:15+08:00 ] ::1 /huawei/index.php/Home/User/register.html
INFO: [ app_init ] --START--
INFO: Run Behavior\BuildLiteBehavior [ RunTime:0.000012s ]
INFO: [ app_init ] --END-- [ RunTime:0.000482s ]
INFO: [ app_begin ] --START--
INFO: Run Behavior\ReadHtmlCacheBehavior [ RunTime:0.000523s ]
INFO: [ app_begin ] --END-- [ RunTime:0.000568s ]
INFO: [ view_parse ] --START--
INFO: [ template_filter ] --START--
INFO: Run Behavior\ContentReplaceBehavior [ RunTime:0.000082s ]
INFO: [ template_filter ] --END-- [ RunTime:0.000136s ]
INFO: Run Behavior\ParseTemplateBehavior [ RunTime:0.012996s ]
INFO: [ view_parse ] --END-- [ RunTime:0.013062s ]
INFO: [ view_filter ] --START--
INFO: Run Behavior\WriteHtmlCacheBehavior [ RunTime:0.000396s ]
INFO: [ view_filter ] --END-- [ RunTime:0.000452s ]
INFO: [ app_end ] --START--
INFO: Run Behavior\ShowPageTraceBehavior [ RunTime:0.000894s ]
INFO: [ app_end ] --END-- [ RunTime:0.001073s ]

[ 2016-11-01T16:40:09+08:00 ] ::1 /huawei/
INFO: [ app_init ] --START--
INFO: Run Behavior\BuildLiteBehavior [ RunTime:0.000013s ]
INFO: [ app_init ] --END-- [ RunTime:0.000670s ]
INFO: [ app_begin ] --START--
INFO: Run Behavior\ReadHtmlCacheBehavior [ RunTime:0.000750s ]
INFO: [ app_begin ] --END-- [ RunTime:0.000812s ]
INFO: [ view_parse ] --START--
INFO: [ template_filter ] --START--
INFO: Run Behavior\ContentReplaceBehavior [ RunTime:0.000120s ]
INFO: [ template_filter ] --END-- [ RunTime:0.000179s ]
INFO: Run Behavior\ParseTemplateBehavior [ RunTime:0.010978s ]
INFO: [ view_parse ] --END-- [ RunTime:0.011037s ]
INFO: [ view_filter ] --START--
INFO: Run Behavior\WriteHtmlCacheBehavior [ RunTime:0.000499s ]
INFO: [ view_filter ] --END-- [ RunTime:0.000538s ]
INFO: [ app_end ] --START--
INFO: Run Behavior\ShowPageTraceBehavior [ RunTime:0.001132s ]
INFO: [ app_end ] --END-- [ RunTime:0.001201s ]

[ 2016-11-01T16:40:11+08:00 ] ::1 /huawei/index.php/Home/User/register.html
INFO: [ app_init ] --START--
INFO: Run Behavior\BuildLiteBehavior [ RunTime:0.000011s ]
INFO: [ app_init ] --END-- [ RunTime:0.000476s ]
INFO: [ app_begin ] --START--
INFO: Run Behavior\ReadHtmlCacheBehavior [ RunTime:0.000516s ]
INFO: [ app_begin ] --END-- [ RunTime:0.000563s ]
INFO: [ view_parse ] --START--
INFO: [ template_filter ] --START--
INFO: Run Behavior\ContentReplaceBehavior [ RunTime:0.000080s ]
INFO: [ template_filter ] --END-- [ RunTime:0.000124s ]
INFO: Run Behavior\ParseTemplateBehavior [ RunTime:0.006272s ]
INFO: [ view_parse ] --END-- [ RunTime:0.006320s ]
INFO: [ view_filter ] --START--
INFO: Run Behavior\WriteHtmlCacheBehavior [ RunTime:0.000333s ]
INFO: [ view_filter ] --END-- [ RunTime:0.000363s ]
INFO: [ app_end ] --START--
INFO: Run Behavior\ShowPageTraceBehavior [ RunTime:0.000508s ]
INFO: [ app_end ] --END-- [ RunTime:0.000544s ]

[ 2016-11-01T16:40:30+08:00 ] ::1 /huawei/index.php/Home/User/RegisterCheck
INFO: [ app_init ] --START--
INFO: Run Behavior\BuildLiteBehavior [ RunTime:0.000019s ]
INFO: [ app_init ] --END-- [ RunTime:0.000717s ]
INFO: [ app_begin ] --START--
INFO: Run Behavior\ReadHtmlCacheBehavior [ RunTime:0.000779s ]
INFO: [ app_begin ] --END-- [ RunTime:0.000858s ]
NOTIC: [8] Undefined variable: password D:\xampp\htdocs\php\huawei\Application\Home\Controller\UserController.class.php 第 15 行.
NOTIC: [8] Undefined variable: password1 D:\xampp\htdocs\php\huawei\Application\Home\Controller\UserController.class.php 第 15 行.
ERR: 无法加载数据库驱动: Think\Db\Driver\

[ 2016-11-01T16:42:47+08:00 ] ::1 /huawei/index.php/Home/User/RegisterCheck
ERR: 1048:Column 'phone' cannot be null
 [ SQL语句 ] : INSERT INTO `shop_user` (`password`,`username`,`phone`,`email`) VALUES (NULL,NULL,NULL,NULL)

[ 2016-11-01T16:43:45+08:00 ] ::1 /huawei/index.php/Home/User/RegisterCheck
ERR: 1048:Column 'password' cannot be null
 [ SQL语句 ] : INSERT INTO `huawei_user` (`password`,`username`,`phone`,`email`) VALUES (NULL,NULL,NULL,NULL)

[ 2016-11-01T16:44:16+08:00 ] ::1 /huawei/index.php/Home/User/RegisterCheck
ERR: 1048:Column 'password' cannot be null
 [ SQL语句 ] : INSERT INTO `huawei_user` (`password`,`username`,`phone`,`email`) VALUES (NULL,NULL,NULL,NULL)

[ 2016-11-01T16:46:39+08:00 ] ::1 /huawei/index.php/Home/User/RegisterCheck
ERR: 1048:Column 'password' cannot be null
 [ SQL语句 ] : INSERT INTO `huawei_user` (`password`,`username`,`phone`,`email`) VALUES (NULL,NULL,NULL,NULL)

[ 2016-11-01T16:49:41+08:00 ] ::1 /huawei/index.php/Home/User/RegisterCheck
ERR: 1048:Column 'password' cannot be null
 [ SQL语句 ] : INSERT INTO `huawei_user` (`password`,`username`,`phone`,`email`) VALUES (NULL,NULL,NULL,NULL)

[ 2016-11-01T17:13:01+08:00 ] ::1 /huawei/index.php/Home/User/RegisterCheck
ERR: 非法操作:RegisterCheck

[ 2016-11-01T17:15:45+08:00 ] ::1 /huawei/index.php/Home/User/RegisterCheck
ERR: 非法操作:RegisterCheck

[ 2016-11-01T17:15:47+08:00 ] ::1 /huawei/index.php/Home/User/RegisterCheck
ERR: 非法操作:RegisterCheck

[ 2016-11-01T17:16:00+08:00 ] ::1 /huawei/index.php/Home/User/RegisterCheck
ERR: 非法操作:RegisterCheck

[ 2016-11-01T17:16:01+08:00 ] ::1 /huawei/index.php/Home/User/RegisterCheck
ERR: 非法操作:RegisterCheck

[ 2016-11-01T17:16:02+08:00 ] ::1 /huawei/index.php/Home/User/RegisterCheck
ERR: 非法操作:RegisterCheck

[ 2016-11-01T17:16:56+08:00 ] ::1 /huawei/index.php/Home/User/RegisterCheck
ERR: 非法操作:RegisterCheck

[ 2016-11-01T17:17:13+08:00 ] ::1 /huawei/index.php/Home/User/registerEmailCheck
ERR: Think\Model:RegisterCheck方法不存在！

[ 2016-11-01T17:18:49+08:00 ] ::1 /huawei/index.php/Home/User/registerEmailCheck
ERR: Think\Model:RegisterCheck方法不存在！

[ 2016-11-01T17:19:02+08:00 ] ::1 /huawei/index.php/Home/User/registerEmailCheck
ERR: Think\Model:RegisterCheck方法不存在！

[ 2016-11-01T18:08:59+08:00 ] ::1 /huawei/index.php/Home/User/registerEmail.html
ERR: 非法操作:registerEmail

[ 2016-11-01T18:09:52+08:00 ] ::1 /huawei/index.php/Home/User/registerEmail.html
ERR: 非法操作:registerEmail

[ 2016-11-01T18:11:01+08:00 ] ::1 /huawei/index.php/Home/User/registerEmail.html
ERR: 非法操作:registerEmail

[ 2016-11-01T18:11:02+08:00 ] ::1 /huawei/index.php/Home/User/registerEmail.html
ERR: 非法操作:registerEmail

[ 2016-11-01T18:11:02+08:00 ] ::1 /huawei/index.php/Home/User/registerEmail.html
ERR: 非法操作:registerEmail

[ 2016-11-01T18:14:45+08:00 ] ::1 /huawei/index.php/Home/User/registerEmail.html
ERR: 模板不存在:./Application/Home/View/User/registerEmail.html

[ 2016-11-01T18:15:22+08:00 ] ::1 /huawei/index.php/Home/User/registerEmail.html
ERR: 模板不存在:./Application/Home/View/User/registerEmail.html

[ 2016-11-01T18:15:22+08:00 ] ::1 /huawei/index.php/Home/User/registerEmail.html
ERR: 模板不存在:./Application/Home/View/User/registerEmail.html

[ 2016-11-01T18:15:23+08:00 ] ::1 /huawei/index.php/Home/User/registerEmail.html
ERR: 模板不存在:./Application/Home/View/User/registerEmail.html

[ 2016-11-01T18:15:34+08:00 ] ::1 /huawei/index.php/Home/User/register.html
ERR: 非法操作:register

[ 2016-11-01T18:15:58+08:00 ] ::1 /huawei/index.php/Home/User/register.html
ERR: 非法操作:register

[ 2016-11-01T18:15:59+08:00 ] ::1 /huawei/index.php/Home/User/register.html
ERR: 非法操作:register

[ 2016-11-01T18:15:59+08:00 ] ::1 /huawei/index.php/Home/User/register.html
ERR: 非法操作:register

[ 2016-11-01T18:16:05+08:00 ] ::1 /huawei/index.php/Home/User/registerEmail.html
ERR: 模板不存在:./Application/Home/View/User/registerEmail.html

[ 2016-11-01T18:16:58+08:00 ] ::1 /huawei/index.php/Home/User/registerEmail.html
ERR: 模板不存在:./Application/Home/View/User/registerEmail.html

[ 2016-11-01T18:16:58+08:00 ] ::1 /huawei/index.php/Home/User/registerEmail.html
ERR: 模板不存在:./Application/Home/View/User/registerEmail.html

[ 2016-11-01T18:16:58+08:00 ] ::1 /huawei/index.php/Home/User/registerEmail.html
ERR: 模板不存在:./Application/Home/View/User/registerEmail.html

[ 2016-11-01T18:16:59+08:00 ] ::1 /huawei/index.php/Home/User/registerEmail.html
ERR: 模板不存在:./Application/Home/View/User/registerEmail.html

[ 2016-11-01T18:16:59+08:00 ] ::1 /huawei/index.php/Home/User/registerEmail.html
ERR: 模板不存在:./Application/Home/View/User/registerEmail.html

[ 2016-11-01T18:16:59+08:00 ] ::1 /huawei/index.php/Home/User/registerEmail.html
ERR: 模板不存在:./Application/Home/View/User/registerEmail.html

[ 2016-11-01T18:16:59+08:00 ] ::1 /huawei/index.php/Home/User/registerEmail.html
ERR: 模板不存在:./Application/Home/View/User/registerEmail.html

[ 2016-11-01T18:17:00+08:00 ] ::1 /huawei/index.php/Home/User/registerEmail.html
ERR: 模板不存在:./Application/Home/View/User/registerEmail.html

[ 2016-11-01T18:17:03+08:00 ] ::1 /huawei/index.php/Home/User/registerEmail.html
ERR: 模板不存在:./Application/Home/View/User/registerEmail.html

[ 2016-11-01T18:17:49+08:00 ] ::1 /huawei/index.php/Home/User/registerEmail.html
ERR: 模板不存在:./Application/Home/View/User/registerEmail.html

[ 2016-11-01T18:17:49+08:00 ] ::1 /huawei/index.php/Home/User/registerEmail.html
ERR: 模板不存在:./Application/Home/View/User/registerEmail.html

[ 2016-11-01T18:17:49+08:00 ] ::1 /huawei/index.php/Home/User/registerEmail.html
ERR: 模板不存在:./Application/Home/View/User/registerEmail.html

[ 2016-11-01T18:17:50+08:00 ] ::1 /huawei/index.php/Home/User/registerEmail.html
ERR: 模板不存在:./Application/Home/View/User/registerEmail.html

[ 2016-11-01T18:17:50+08:00 ] ::1 /huawei/index.php/Home/User/registerEmail.html
ERR: 模板不存在:./Application/Home/View/User/registerEmail.html

[ 2016-11-01T18:17:53+08:00 ] ::1 /huawei/index.php/Home/User/registerEmail
ERR: 模板不存在:./Application/Home/View/User/registerEmail.html

[ 2016-11-01T18:18:13+08:00 ] ::1 /huawei/index.php/Home/User/registerEmail
ERR: 模板不存在:./Application/Home/View/User/registerEmail.html

[ 2016-11-01T18:18:13+08:00 ] ::1 /huawei/index.php/Home/User/registerEmail
ERR: 模板不存在:./Application/Home/View/User/registerEmail.html

[ 2016-11-01T18:18:14+08:00 ] ::1 /huawei/index.php/Home/User/registerEmail
ERR: 模板不存在:./Application/Home/View/User/registerEmail.html

[ 2016-11-01T18:18:19+08:00 ] ::1 /huawei/index.php/Home/User/registerEmail.html
ERR: 模板不存在:./Application/Home/View/User/registerEmail.html

